02.03.17 09:42:23, Info: Initializing SIMPLSharp Services...
02.03.17 09:42:23, Info: ProjectInfo successfully initialized.
02.03.17 09:42:24, Info: Saving project information...
02.03.17 09:42:24, Info: Saving project information...
02.03.17 09:42:24, Info: Saving project information...
02.03.17 09:42:24, Info: Saving project information...
02.03.17 09:42:24, Info: Saving project information...
02.03.17 09:42:24, Info: Saving project information...
02.03.17 10:09:46, Info: Saving project information...
02.03.17 10:09:46, Info: Saving project information...
02.03.17 10:09:46, Info: Saving project information...
02.03.17 10:10:32, Info: Saving project information...
02.03.17 10:10:32, Info: Saving project information...
02.03.17 10:10:32, Info: Saving project information...
02.03.17 10:10:32, Info: Saving project information...
02.03.17 10:10:32, Info: Saving project information...
02.03.17 10:10:32, Info: Saving project information...
02.03.17 10:11:03, Info: Validating assembly C:\Projects\Remote Management Example\RemoteManagementLibrary\RemoteManagementLibrary\bin\Debug\RemoteManagementLibrary.dll...
02.03.17 10:11:03, Info: Verifying assembly C:\Projects\Remote Management Example\RemoteManagementLibrary\RemoteManagementLibrary\bin\Debug\RemoteManagementLibrary.dll
02.03.17 10:11:04, Info: Creating Archive C:\Projects\Remote Management Example\RemoteManagementLibrary\RemoteManagementLibrary\bin\Debug\RemoteManagementLibrary.clz...
02.03.17 10:11:04, Info: Saving project information...
02.03.17 10:16:27, Info: Validating assembly C:\Projects\Remote Management Example\RemoteManagementLibrary\RemoteManagementLibrary\bin\Debug\RemoteManagementLibrary.dll...
02.03.17 10:16:27, Info: Verifying assembly C:\Projects\Remote Management Example\RemoteManagementLibrary\RemoteManagementLibrary\bin\Debug\RemoteManagementLibrary.dll
02.03.17 10:16:27, Info: Creating Archive C:\Projects\Remote Management Example\RemoteManagementLibrary\RemoteManagementLibrary\bin\Debug\RemoteManagementLibrary.clz...
02.03.17 10:16:27, Info: Saving project information...
02.03.17 10:23:37, Info: Validating assembly C:\Projects\Remote Management Example\RemoteManagementLibrary\RemoteManagementLibrary\bin\Debug\RemoteManagementLibrary.dll...
02.03.17 10:23:37, Info: Verifying assembly C:\Projects\Remote Management Example\RemoteManagementLibrary\RemoteManagementLibrary\bin\Debug\RemoteManagementLibrary.dll
02.03.17 10:23:37, Info: Creating Archive C:\Projects\Remote Management Example\RemoteManagementLibrary\RemoteManagementLibrary\bin\Debug\RemoteManagementLibrary.clz...
02.03.17 10:23:37, Info: Saving project information...
02.03.17 10:51:20, Info: Validating assembly C:\Projects\Remote Management Example\RemoteManagementLibrary\RemoteManagementLibrary\bin\Debug\RemoteManagementLibrary.dll...
02.03.17 10:51:20, Info: Verifying assembly C:\Projects\Remote Management Example\RemoteManagementLibrary\RemoteManagementLibrary\bin\Debug\RemoteManagementLibrary.dll
02.03.17 10:51:20, Info: Creating Archive C:\Projects\Remote Management Example\RemoteManagementLibrary\RemoteManagementLibrary\bin\Debug\RemoteManagementLibrary.clz...
02.03.17 10:51:20, Info: Saving project information...
02.03.17 11:03:21, Info: Validating assembly C:\Projects\Remote Management Example\RemoteManagementLibrary\RemoteManagementLibrary\bin\Debug\RemoteManagementLibrary.dll...
02.03.17 11:03:21, Info: Verifying assembly C:\Projects\Remote Management Example\RemoteManagementLibrary\RemoteManagementLibrary\bin\Debug\RemoteManagementLibrary.dll
02.03.17 11:03:21, Info: Creating Archive C:\Projects\Remote Management Example\RemoteManagementLibrary\RemoteManagementLibrary\bin\Debug\RemoteManagementLibrary.clz...
02.03.17 11:03:21, Info: Saving project information...
02.03.17 11:09:46, Info: Saving project information...
02.03.17 11:09:46, Info: Saving project information...
02.03.17 11:09:46, Info: Saving project information...
02.03.17 11:14:46, Info: Saving project information...
02.03.17 11:14:46, Info: Saving project information...
02.03.17 11:14:46, Info: Saving project information...
02.03.17 11:19:46, Info: Saving project information...
02.03.17 11:19:46, Info: Saving project information...
02.03.17 11:19:46, Info: Saving project information...
02.03.17 11:24:46, Info: Saving project information...
02.03.17 11:24:46, Info: Saving project information...
02.03.17 11:24:46, Info: Saving project information...
02.03.17 11:29:46, Info: Saving project information...
02.03.17 11:29:46, Info: Saving project information...
02.03.17 11:29:46, Info: Saving project information...
02.03.17 11:31:44, Info: Saving project information...
02.03.17 11:31:44, Info: Saving project information...
02.03.17 11:31:44, Info: Saving project information...
02.03.17 11:31:44, Info: Saving project information...
02.03.17 11:31:44, Info: Saving project information...
02.03.17 11:31:44, Info: Saving project information...
02.03.17 11:31:56, Info: Validating assembly C:\Projects\Remote Management Example\RemoteManagementLibrary\RemoteManagementLibrary\bin\Debug\RemoteManagementLibrary.dll...
02.03.17 11:31:56, Info: Verifying assembly C:\Projects\Remote Management Example\RemoteManagementLibrary\RemoteManagementLibrary\bin\Debug\RemoteManagementLibrary.dll
02.03.17 11:31:56, Info: Creating Archive C:\Projects\Remote Management Example\RemoteManagementLibrary\RemoteManagementLibrary\bin\Debug\RemoteManagementLibrary.clz...
02.03.17 11:31:57, Info: Saving project information...
02.03.17 11:47:03, Info: Validating assembly C:\Projects\Remote Management Example\RemoteManagementLibrary\RemoteManagementLibrary\bin\Debug\RemoteManagementLibrary.dll...
02.03.17 11:47:03, Info: Verifying assembly C:\Projects\Remote Management Example\RemoteManagementLibrary\RemoteManagementLibrary\bin\Debug\RemoteManagementLibrary.dll
02.03.17 11:47:03, Info: Creating Archive C:\Projects\Remote Management Example\RemoteManagementLibrary\RemoteManagementLibrary\bin\Debug\RemoteManagementLibrary.clz...
02.03.17 11:47:04, Info: Saving project information...
02.03.17 11:48:19, Info: Validating assembly C:\Projects\Remote Management Example\RemoteManagementLibrary\RemoteManagementLibrary\bin\Debug\RemoteManagementLibrary.dll...
02.03.17 11:48:19, Info: Verifying assembly C:\Projects\Remote Management Example\RemoteManagementLibrary\RemoteManagementLibrary\bin\Debug\RemoteManagementLibrary.dll
02.03.17 11:48:19, Info: Creating Archive C:\Projects\Remote Management Example\RemoteManagementLibrary\RemoteManagementLibrary\bin\Debug\RemoteManagementLibrary.clz...
02.03.17 11:48:19, Info: Saving project information...
02.03.17 11:57:56, Info: Validating assembly C:\Projects\Remote Management Example\RemoteManagementLibrary\RemoteManagementLibrary\bin\Debug\RemoteManagementLibrary.dll...
02.03.17 11:57:56, Info: Verifying assembly C:\Projects\Remote Management Example\RemoteManagementLibrary\RemoteManagementLibrary\bin\Debug\RemoteManagementLibrary.dll
02.03.17 11:57:56, Info: Creating Archive C:\Projects\Remote Management Example\RemoteManagementLibrary\RemoteManagementLibrary\bin\Debug\RemoteManagementLibrary.clz...
02.03.17 11:57:56, Info: Saving project information...
02.03.17 11:59:56, Info: Validating assembly C:\Projects\Remote Management Example\RemoteManagementLibrary\RemoteManagementLibrary\bin\Debug\RemoteManagementLibrary.dll...
02.03.17 11:59:56, Info: Verifying assembly C:\Projects\Remote Management Example\RemoteManagementLibrary\RemoteManagementLibrary\bin\Debug\RemoteManagementLibrary.dll
02.03.17 11:59:57, Info: Creating Archive C:\Projects\Remote Management Example\RemoteManagementLibrary\RemoteManagementLibrary\bin\Debug\RemoteManagementLibrary.clz...
02.03.17 11:59:57, Info: Saving project information...
02.03.17 12:02:18, Info: Validating assembly C:\Projects\Remote Management Example\RemoteManagementLibrary\RemoteManagementLibrary\bin\Debug\RemoteManagementLibrary.dll...
02.03.17 12:02:18, Info: Verifying assembly C:\Projects\Remote Management Example\RemoteManagementLibrary\RemoteManagementLibrary\bin\Debug\RemoteManagementLibrary.dll
02.03.17 12:02:18, Info: Creating Archive C:\Projects\Remote Management Example\RemoteManagementLibrary\RemoteManagementLibrary\bin\Debug\RemoteManagementLibrary.clz...
02.03.17 12:02:18, Info: Saving project information...
02.03.17 12:04:57, Info: Validating assembly C:\Projects\Remote Management Example\RemoteManagementLibrary\RemoteManagementLibrary\bin\Debug\RemoteManagementLibrary.dll...
02.03.17 12:04:57, Info: Verifying assembly C:\Projects\Remote Management Example\RemoteManagementLibrary\RemoteManagementLibrary\bin\Debug\RemoteManagementLibrary.dll
02.03.17 12:04:57, Info: Creating Archive C:\Projects\Remote Management Example\RemoteManagementLibrary\RemoteManagementLibrary\bin\Debug\RemoteManagementLibrary.clz...
02.03.17 12:04:57, Info: Saving project information...
02.03.17 12:07:25, Info: Validating assembly C:\Projects\Remote Management Example\RemoteManagementLibrary\RemoteManagementLibrary\bin\Debug\RemoteManagementLibrary.dll...
02.03.17 12:07:25, Info: Verifying assembly C:\Projects\Remote Management Example\RemoteManagementLibrary\RemoteManagementLibrary\bin\Debug\RemoteManagementLibrary.dll
02.03.17 12:07:25, Info: Creating Archive C:\Projects\Remote Management Example\RemoteManagementLibrary\RemoteManagementLibrary\bin\Debug\RemoteManagementLibrary.clz...
02.03.17 12:07:26, Info: Saving project information...
02.03.17 13:05:07, Info: Validating assembly C:\Projects\Remote Management Example\RemoteManagementLibrary\RemoteManagementLibrary\bin\Debug\RemoteManagementLibrary.dll...
02.03.17 13:05:07, Info: Verifying assembly C:\Projects\Remote Management Example\RemoteManagementLibrary\RemoteManagementLibrary\bin\Debug\RemoteManagementLibrary.dll
02.03.17 13:05:07, Info: Creating Archive C:\Projects\Remote Management Example\RemoteManagementLibrary\RemoteManagementLibrary\bin\Debug\RemoteManagementLibrary.clz...
02.03.17 13:05:07, Info: Saving project information...
02.03.17 13:12:05, Info: Validating assembly C:\Projects\Remote Management Example\RemoteManagementLibrary\RemoteManagementLibrary\bin\Debug\RemoteManagementLibrary.dll...
02.03.17 13:12:06, Info: Verifying assembly C:\Projects\Remote Management Example\RemoteManagementLibrary\RemoteManagementLibrary\bin\Debug\RemoteManagementLibrary.dll
02.03.17 13:12:06, Info: Creating Archive C:\Projects\Remote Management Example\RemoteManagementLibrary\RemoteManagementLibrary\bin\Debug\RemoteManagementLibrary.clz...
02.03.17 13:12:06, Info: Saving project information...
02.03.17 13:26:38, Info: Validating assembly C:\Projects\Remote Management Example\RemoteManagementLibrary\RemoteManagementLibrary\bin\Debug\RemoteManagementLibrary.dll...
02.03.17 13:26:38, Info: Verifying assembly C:\Projects\Remote Management Example\RemoteManagementLibrary\RemoteManagementLibrary\bin\Debug\RemoteManagementLibrary.dll
02.03.17 13:26:38, Info: Creating Archive C:\Projects\Remote Management Example\RemoteManagementLibrary\RemoteManagementLibrary\bin\Debug\RemoteManagementLibrary.clz...
02.03.17 13:26:38, Info: Saving project information...
02.03.17 13:26:57, Info: Validating assembly C:\Projects\Remote Management Example\RemoteManagementLibrary\RemoteManagementLibrary\bin\Debug\RemoteManagementLibrary.dll...
02.03.17 13:26:57, Info: Verifying assembly C:\Projects\Remote Management Example\RemoteManagementLibrary\RemoteManagementLibrary\bin\Debug\RemoteManagementLibrary.dll
02.03.17 13:26:57, Info: Creating Archive C:\Projects\Remote Management Example\RemoteManagementLibrary\RemoteManagementLibrary\bin\Debug\RemoteManagementLibrary.clz...
02.03.17 13:26:58, Info: Saving project information...
02.03.17 13:34:00, Info: Validating assembly C:\Projects\Remote Management Example\RemoteManagementLibrary\RemoteManagementLibrary\bin\Debug\RemoteManagementLibrary.dll...
02.03.17 13:34:00, Info: Verifying assembly C:\Projects\Remote Management Example\RemoteManagementLibrary\RemoteManagementLibrary\bin\Debug\RemoteManagementLibrary.dll
02.03.17 13:34:00, Info: Creating Archive C:\Projects\Remote Management Example\RemoteManagementLibrary\RemoteManagementLibrary\bin\Debug\RemoteManagementLibrary.clz...
02.03.17 13:34:01, Info: Saving project information...
02.03.17 14:49:45, Info: Validating assembly C:\Projects\Remote Management Example\RemoteManagementLibrary\RemoteManagementLibrary\bin\Debug\RemoteManagementLibrary.dll...
02.03.17 14:49:45, Info: Verifying assembly C:\Projects\Remote Management Example\RemoteManagementLibrary\RemoteManagementLibrary\bin\Debug\RemoteManagementLibrary.dll
02.03.17 14:49:45, Info: Creating Archive C:\Projects\Remote Management Example\RemoteManagementLibrary\RemoteManagementLibrary\bin\Debug\RemoteManagementLibrary.clz...
02.03.17 14:49:45, Info: Saving project information...
02.03.17 14:59:50, Info: Validating assembly C:\Projects\Remote Management Example\RemoteManagementLibrary\RemoteManagementLibrary\bin\Debug\RemoteManagementLibrary.dll...
02.03.17 14:59:50, Info: Verifying assembly C:\Projects\Remote Management Example\RemoteManagementLibrary\RemoteManagementLibrary\bin\Debug\RemoteManagementLibrary.dll
02.03.17 14:59:50, Info: Creating Archive C:\Projects\Remote Management Example\RemoteManagementLibrary\RemoteManagementLibrary\bin\Debug\RemoteManagementLibrary.clz...
02.03.17 14:59:50, Info: Saving project information...
02.03.17 15:23:56, Info: Validating assembly C:\Projects\Remote Management Example\RemoteManagementLibrary\RemoteManagementLibrary\bin\Debug\RemoteManagementLibrary.dll...
02.03.17 15:23:56, Info: Verifying assembly C:\Projects\Remote Management Example\RemoteManagementLibrary\RemoteManagementLibrary\bin\Debug\RemoteManagementLibrary.dll
02.03.17 15:23:56, Info: Creating Archive C:\Projects\Remote Management Example\RemoteManagementLibrary\RemoteManagementLibrary\bin\Debug\RemoteManagementLibrary.clz...
02.03.17 15:23:56, Info: Saving project information...
02.03.17 15:28:37, Info: Validating assembly C:\Projects\Remote Management Example\RemoteManagementLibrary\RemoteManagementLibrary\bin\Debug\RemoteManagementLibrary.dll...
02.03.17 15:28:37, Info: Verifying assembly C:\Projects\Remote Management Example\RemoteManagementLibrary\RemoteManagementLibrary\bin\Debug\RemoteManagementLibrary.dll
02.03.17 15:28:37, Info: Creating Archive C:\Projects\Remote Management Example\RemoteManagementLibrary\RemoteManagementLibrary\bin\Debug\RemoteManagementLibrary.clz...
02.03.17 15:28:37, Info: Saving project information...
02.03.17 15:33:55, Info: Validating assembly C:\Projects\Remote Management Example\RemoteManagementLibrary\RemoteManagementLibrary\bin\Debug\RemoteManagementLibrary.dll...
02.03.17 15:33:55, Info: Verifying assembly C:\Projects\Remote Management Example\RemoteManagementLibrary\RemoteManagementLibrary\bin\Debug\RemoteManagementLibrary.dll
02.03.17 15:33:55, Info: Creating Archive C:\Projects\Remote Management Example\RemoteManagementLibrary\RemoteManagementLibrary\bin\Debug\RemoteManagementLibrary.clz...
02.03.17 15:33:55, Info: Saving project information...
02.03.17 15:38:27, Info: Validating assembly C:\Projects\Remote Management Example\RemoteManagementLibrary\RemoteManagementLibrary\bin\Debug\RemoteManagementLibrary.dll...
02.03.17 15:38:28, Info: Verifying assembly C:\Projects\Remote Management Example\RemoteManagementLibrary\RemoteManagementLibrary\bin\Debug\RemoteManagementLibrary.dll
02.03.17 15:38:28, Info: Creating Archive C:\Projects\Remote Management Example\RemoteManagementLibrary\RemoteManagementLibrary\bin\Debug\RemoteManagementLibrary.clz...
02.03.17 15:38:28, Info: Saving project information...
02.03.17 16:05:05, Info: Validating assembly C:\Projects\Remote Management Example\RemoteManagementLibrary\RemoteManagementLibrary\bin\Debug\RemoteManagementLibrary.dll...
02.03.17 16:05:05, Info: Verifying assembly C:\Projects\Remote Management Example\RemoteManagementLibrary\RemoteManagementLibrary\bin\Debug\RemoteManagementLibrary.dll
02.03.17 16:05:05, Info: Creating Archive C:\Projects\Remote Management Example\RemoteManagementLibrary\RemoteManagementLibrary\bin\Debug\RemoteManagementLibrary.clz...
02.03.17 16:05:05, Info: Saving project information...
02.03.17 16:08:33, Info: Validating assembly C:\Projects\Remote Management Example\RemoteManagementLibrary\RemoteManagementLibrary\bin\Debug\RemoteManagementLibrary.dll...
02.03.17 16:08:33, Info: Verifying assembly C:\Projects\Remote Management Example\RemoteManagementLibrary\RemoteManagementLibrary\bin\Debug\RemoteManagementLibrary.dll
02.03.17 16:08:33, Info: Creating Archive C:\Projects\Remote Management Example\RemoteManagementLibrary\RemoteManagementLibrary\bin\Debug\RemoteManagementLibrary.clz...
02.03.17 16:08:34, Info: Saving project information...
02.03.17 16:20:44, Info: Validating assembly C:\Projects\Remote Management Example\RemoteManagementLibrary\RemoteManagementLibrary\bin\Debug\RemoteManagementLibrary.dll...
02.03.17 16:20:44, Info: Verifying assembly C:\Projects\Remote Management Example\RemoteManagementLibrary\RemoteManagementLibrary\bin\Debug\RemoteManagementLibrary.dll
02.03.17 16:20:44, Info: Creating Archive C:\Projects\Remote Management Example\RemoteManagementLibrary\RemoteManagementLibrary\bin\Debug\RemoteManagementLibrary.clz...
02.03.17 16:20:44, Info: Saving project information...
02.03.17 16:21:14, Info: Validating assembly C:\Projects\Remote Management Example\RemoteManagementLibrary\RemoteManagementLibrary\bin\Debug\RemoteManagementLibrary.dll...
02.03.17 16:21:14, Info: Verifying assembly C:\Projects\Remote Management Example\RemoteManagementLibrary\RemoteManagementLibrary\bin\Debug\RemoteManagementLibrary.dll
02.03.17 16:21:14, Info: Creating Archive C:\Projects\Remote Management Example\RemoteManagementLibrary\RemoteManagementLibrary\bin\Debug\RemoteManagementLibrary.clz...
02.03.17 16:21:14, Info: Saving project information...
02.03.17 16:24:20, Info: Saving project information...
02.03.17 16:24:20, Info: Saving project information...
02.03.17 16:24:20, Info: Saving project information...
02.03.17 16:24:20, Info: Saving project information...
02.03.17 16:24:20, Info: Saving project information...
02.03.17 16:24:20, Info: Saving project information...
02.03.17 16:24:21, Info: Validating assembly C:\Projects\Remote Management Example\RemoteManagementLibrary\RemoteManagementLibrary\bin\Debug\RemoteManagementLibrary.dll...
02.03.17 16:24:21, Info: Verifying assembly C:\Projects\Remote Management Example\RemoteManagementLibrary\RemoteManagementLibrary\bin\Debug\RemoteManagementLibrary.dll
02.03.17 16:24:21, Info: Creating Archive C:\Projects\Remote Management Example\RemoteManagementLibrary\RemoteManagementLibrary\bin\Debug\RemoteManagementLibrary.clz...
02.03.17 16:24:21, Info: Saving project information...
02.03.17 16:26:00, Info: Saving project information...
02.03.17 16:26:00, Info: Saving project information...
02.03.17 16:26:00, Info: Saving project information...
02.03.17 16:26:00, Info: Saving project information...
02.03.17 16:26:00, Info: Saving project information...
02.03.17 16:26:00, Info: Saving project information...
02.03.17 16:26:01, Info: Validating assembly C:\Projects\Remote Management Example\RemoteManagementLibrary\RemoteManagementLibrary\bin\RemoteManagementLibrary.dll...
02.03.17 16:26:01, Info: Verifying assembly C:\Projects\Remote Management Example\RemoteManagementLibrary\RemoteManagementLibrary\bin\RemoteManagementLibrary.dll
02.03.17 16:26:44, Info: Saving project information...
02.03.17 16:26:44, Info: Saving project information...
02.03.17 16:26:44, Info: Saving project information...
02.03.17 16:26:44, Info: Saving project information...
02.03.17 16:26:44, Info: Saving project information...
02.03.17 16:26:44, Info: Saving project information...
02.03.17 16:26:47, Info: Validating assembly C:\Projects\Remote Management Example\RemoteManagementLibrary\RemoteManagementLibrary\bin\RemoteManagementLibrary.dll...
02.03.17 16:26:47, Info: Verifying assembly C:\Projects\Remote Management Example\RemoteManagementLibrary\RemoteManagementLibrary\bin\RemoteManagementLibrary.dll
02.03.17 16:27:56, Info: Saving project information...
02.03.17 16:27:56, Info: Saving project information...
02.03.17 16:27:56, Info: Saving project information...
02.03.17 16:27:56, Info: Saving project information...
02.03.17 16:27:56, Info: Saving project information...
02.03.17 16:27:56, Info: Saving project information...
02.03.17 16:27:56, Info: Validating assembly C:\Projects\Remote Management Example\RemoteManagementLibrary\RemoteManagementLibrary\bin\RemoteManagementLibrary.dll...
02.03.17 16:27:56, Info: Verifying assembly C:\Projects\Remote Management Example\RemoteManagementLibrary\RemoteManagementLibrary\bin\RemoteManagementLibrary.dll
02.03.17 16:28:14, Info: Saving project information...
02.03.17 16:28:14, Info: Saving project information...
02.03.17 16:28:14, Info: Saving project information...
02.03.17 16:28:14, Info: Saving project information...
02.03.17 16:28:14, Info: Saving project information...
02.03.17 16:28:14, Info: Saving project information...
02.03.17 16:28:15, Info: Terminating SIMPLSharp Services
