09.03.17 17:28:45, Info: Initializing SIMPLSharp Services...
09.03.17 17:28:45, Info: ProjectInfo successfully initialized.
09.03.17 17:33:41, Info: Saving project information...
09.03.17 17:33:41, Info: Saving project information...
09.03.17 17:33:41, Info: Saving project information...
09.03.17 17:38:41, Info: Saving project information...
09.03.17 17:38:41, Info: Saving project information...
09.03.17 17:38:41, Info: Saving project information...
09.03.17 17:43:41, Info: Saving project information...
09.03.17 17:43:41, Info: Saving project information...
09.03.17 17:43:41, Info: Saving project information...
09.03.17 17:48:41, Info: Saving project information...
09.03.17 17:48:41, Info: Saving project information...
09.03.17 17:48:41, Info: Saving project information...
09.03.17 17:53:41, Info: Saving project information...
09.03.17 17:53:41, Info: Saving project information...
09.03.17 17:53:41, Info: Saving project information...
09.03.17 17:58:41, Info: Saving project information...
09.03.17 17:58:41, Info: Saving project information...
09.03.17 17:58:41, Info: Saving project information...
09.03.17 18:03:41, Info: Saving project information...
09.03.17 18:03:41, Info: Saving project information...
09.03.17 18:03:41, Info: Saving project information...
09.03.17 18:08:41, Info: Saving project information...
09.03.17 18:08:41, Info: Saving project information...
09.03.17 18:08:41, Info: Saving project information...
09.03.17 18:13:41, Info: Saving project information...
09.03.17 18:13:41, Info: Saving project information...
09.03.17 18:13:41, Info: Saving project information...
09.03.17 18:18:41, Info: Saving project information...
09.03.17 18:18:41, Info: Saving project information...
09.03.17 18:18:41, Info: Saving project information...
09.03.17 18:23:41, Info: Saving project information...
09.03.17 18:23:41, Info: Saving project information...
09.03.17 18:23:41, Info: Saving project information...
09.03.17 18:28:41, Info: Saving project information...
09.03.17 18:28:41, Info: Saving project information...
09.03.17 18:28:41, Info: Saving project information...
09.03.17 18:33:41, Info: Saving project information...
09.03.17 18:33:41, Info: Saving project information...
09.03.17 18:33:41, Info: Saving project information...
09.03.17 18:33:47, Info: Saving project information...
09.03.17 18:33:47, Info: Saving project information...
09.03.17 18:33:47, Info: Saving project information...
09.03.17 18:33:47, Info: Saving project information...
09.03.17 18:33:47, Info: Saving project information...
09.03.17 18:33:47, Info: Saving project information...
09.03.17 18:33:48, Info: Validating assembly C:\Projects\Remote Management Example\RemoteManagementLibrary\RemoteManagementLibrary\bin\Debug\RemoteManagementLibrary.dll...
09.03.17 18:33:49, Info: Verifying assembly C:\Projects\Remote Management Example\RemoteManagementLibrary\RemoteManagementLibrary\bin\Debug\RemoteManagementLibrary.dll
09.03.17 18:33:49, Info: Creating Archive C:\Projects\Remote Management Example\RemoteManagementLibrary\RemoteManagementLibrary\bin\Debug\RemoteManagementLibrary.clz...
09.03.17 18:33:49, Info: Saving project information...
09.03.17 20:51:46, Info: Validating assembly C:\Projects\Remote Management Example\RemoteManagementLibrary\RemoteManagementLibrary\bin\Debug\RemoteManagementLibrary.dll...
09.03.17 20:51:46, Info: Verifying assembly C:\Projects\Remote Management Example\RemoteManagementLibrary\RemoteManagementLibrary\bin\Debug\RemoteManagementLibrary.dll
09.03.17 20:51:46, Info: Creating Archive C:\Projects\Remote Management Example\RemoteManagementLibrary\RemoteManagementLibrary\bin\Debug\RemoteManagementLibrary.clz...
09.03.17 20:51:47, Info: Saving project information...
09.03.17 21:10:38, Info: Validating assembly C:\Projects\Remote Management Example\RemoteManagementLibrary\RemoteManagementLibrary\bin\Debug\RemoteManagementLibrary.dll...
09.03.17 21:10:39, Info: Verifying assembly C:\Projects\Remote Management Example\RemoteManagementLibrary\RemoteManagementLibrary\bin\Debug\RemoteManagementLibrary.dll
09.03.17 21:10:39, Info: Creating Archive C:\Projects\Remote Management Example\RemoteManagementLibrary\RemoteManagementLibrary\bin\Debug\RemoteManagementLibrary.clz...
09.03.17 21:10:39, Info: Saving project information...
09.03.17 21:14:09, Info: Validating assembly C:\Projects\Remote Management Example\RemoteManagementLibrary\RemoteManagementLibrary\bin\Debug\RemoteManagementLibrary.dll...
09.03.17 21:14:09, Info: Verifying assembly C:\Projects\Remote Management Example\RemoteManagementLibrary\RemoteManagementLibrary\bin\Debug\RemoteManagementLibrary.dll
09.03.17 21:14:09, Info: Creating Archive C:\Projects\Remote Management Example\RemoteManagementLibrary\RemoteManagementLibrary\bin\Debug\RemoteManagementLibrary.clz...
09.03.17 21:14:09, Info: Saving project information...
09.03.17 21:37:12, Info: Validating assembly C:\Projects\Remote Management Example\RemoteManagementLibrary\RemoteManagementLibrary\bin\Debug\RemoteManagementLibrary.dll...
09.03.17 21:37:12, Info: Verifying assembly C:\Projects\Remote Management Example\RemoteManagementLibrary\RemoteManagementLibrary\bin\Debug\RemoteManagementLibrary.dll
09.03.17 21:37:12, Info: Creating Archive C:\Projects\Remote Management Example\RemoteManagementLibrary\RemoteManagementLibrary\bin\Debug\RemoteManagementLibrary.clz...
09.03.17 21:37:12, Info: Saving project information...
09.03.17 21:39:57, Info: Validating assembly C:\Projects\Remote Management Example\RemoteManagementLibrary\RemoteManagementLibrary\bin\Debug\RemoteManagementLibrary.dll...
09.03.17 21:39:57, Info: Verifying assembly C:\Projects\Remote Management Example\RemoteManagementLibrary\RemoteManagementLibrary\bin\Debug\RemoteManagementLibrary.dll
09.03.17 21:39:57, Info: Creating Archive C:\Projects\Remote Management Example\RemoteManagementLibrary\RemoteManagementLibrary\bin\Debug\RemoteManagementLibrary.clz...
09.03.17 21:39:58, Info: Saving project information...
09.03.17 21:43:12, Info: Validating assembly C:\Projects\Remote Management Example\RemoteManagementLibrary\RemoteManagementLibrary\bin\Debug\RemoteManagementLibrary.dll...
09.03.17 21:43:12, Info: Verifying assembly C:\Projects\Remote Management Example\RemoteManagementLibrary\RemoteManagementLibrary\bin\Debug\RemoteManagementLibrary.dll
09.03.17 21:43:12, Info: Creating Archive C:\Projects\Remote Management Example\RemoteManagementLibrary\RemoteManagementLibrary\bin\Debug\RemoteManagementLibrary.clz...
09.03.17 21:43:12, Info: Saving project information...
09.03.17 21:48:50, Info: Validating assembly C:\Projects\Remote Management Example\RemoteManagementLibrary\RemoteManagementLibrary\bin\Debug\RemoteManagementLibrary.dll...
09.03.17 21:48:50, Info: Verifying assembly C:\Projects\Remote Management Example\RemoteManagementLibrary\RemoteManagementLibrary\bin\Debug\RemoteManagementLibrary.dll
09.03.17 21:48:50, Info: Creating Archive C:\Projects\Remote Management Example\RemoteManagementLibrary\RemoteManagementLibrary\bin\Debug\RemoteManagementLibrary.clz...
09.03.17 21:48:51, Info: Saving project information...
09.03.17 21:51:39, Info: Validating assembly C:\Projects\Remote Management Example\RemoteManagementLibrary\RemoteManagementLibrary\bin\Debug\RemoteManagementLibrary.dll...
09.03.17 21:51:39, Info: Verifying assembly C:\Projects\Remote Management Example\RemoteManagementLibrary\RemoteManagementLibrary\bin\Debug\RemoteManagementLibrary.dll
09.03.17 21:51:39, Info: Creating Archive C:\Projects\Remote Management Example\RemoteManagementLibrary\RemoteManagementLibrary\bin\Debug\RemoteManagementLibrary.clz...
09.03.17 21:51:39, Info: Saving project information...
09.03.17 21:59:04, Info: Validating assembly C:\Projects\Remote Management Example\RemoteManagementLibrary\RemoteManagementLibrary\bin\Debug\RemoteManagementLibrary.dll...
09.03.17 21:59:04, Info: Verifying assembly C:\Projects\Remote Management Example\RemoteManagementLibrary\RemoteManagementLibrary\bin\Debug\RemoteManagementLibrary.dll
09.03.17 21:59:04, Info: Creating Archive C:\Projects\Remote Management Example\RemoteManagementLibrary\RemoteManagementLibrary\bin\Debug\RemoteManagementLibrary.clz...
09.03.17 21:59:05, Info: Saving project information...
09.03.17 22:01:45, Info: Validating assembly C:\Projects\Remote Management Example\RemoteManagementLibrary\RemoteManagementLibrary\bin\Debug\RemoteManagementLibrary.dll...
09.03.17 22:01:46, Info: Verifying assembly C:\Projects\Remote Management Example\RemoteManagementLibrary\RemoteManagementLibrary\bin\Debug\RemoteManagementLibrary.dll
09.03.17 22:01:46, Info: Creating Archive C:\Projects\Remote Management Example\RemoteManagementLibrary\RemoteManagementLibrary\bin\Debug\RemoteManagementLibrary.clz...
09.03.17 22:01:46, Info: Saving project information...
09.03.17 22:09:55, Info: Validating assembly C:\Projects\Remote Management Example\RemoteManagementLibrary\RemoteManagementLibrary\bin\Debug\RemoteManagementLibrary.dll...
09.03.17 22:09:55, Info: Verifying assembly C:\Projects\Remote Management Example\RemoteManagementLibrary\RemoteManagementLibrary\bin\Debug\RemoteManagementLibrary.dll
09.03.17 22:09:55, Info: Creating Archive C:\Projects\Remote Management Example\RemoteManagementLibrary\RemoteManagementLibrary\bin\Debug\RemoteManagementLibrary.clz...
09.03.17 22:09:56, Info: Saving project information...
10.03.17 09:00:38, Info: Validating assembly C:\Projects\Remote Management Example\RemoteManagementLibrary\RemoteManagementLibrary\bin\Debug\RemoteManagementLibrary.dll...
10.03.17 09:00:39, Info: Verifying assembly C:\Projects\Remote Management Example\RemoteManagementLibrary\RemoteManagementLibrary\bin\Debug\RemoteManagementLibrary.dll
10.03.17 09:00:39, Info: Creating Archive C:\Projects\Remote Management Example\RemoteManagementLibrary\RemoteManagementLibrary\bin\Debug\RemoteManagementLibrary.clz...
10.03.17 09:00:39, Info: Saving project information...
10.03.17 09:02:48, Info: Validating assembly C:\Projects\Remote Management Example\RemoteManagementLibrary\RemoteManagementLibrary\bin\Debug\RemoteManagementLibrary.dll...
10.03.17 09:02:48, Info: Verifying assembly C:\Projects\Remote Management Example\RemoteManagementLibrary\RemoteManagementLibrary\bin\Debug\RemoteManagementLibrary.dll
10.03.17 09:02:48, Info: Creating Archive C:\Projects\Remote Management Example\RemoteManagementLibrary\RemoteManagementLibrary\bin\Debug\RemoteManagementLibrary.clz...
10.03.17 09:02:48, Info: Saving project information...
10.03.17 09:10:16, Info: Validating assembly C:\Projects\Remote Management Example\RemoteManagementLibrary\RemoteManagementLibrary\bin\Debug\RemoteManagementLibrary.dll...
10.03.17 09:10:16, Info: Verifying assembly C:\Projects\Remote Management Example\RemoteManagementLibrary\RemoteManagementLibrary\bin\Debug\RemoteManagementLibrary.dll
10.03.17 09:10:16, Info: Creating Archive C:\Projects\Remote Management Example\RemoteManagementLibrary\RemoteManagementLibrary\bin\Debug\RemoteManagementLibrary.clz...
10.03.17 09:10:16, Info: Saving project information...
10.03.17 09:28:01, Info: Validating assembly C:\Projects\Remote Management Example\RemoteManagementLibrary\RemoteManagementLibrary\bin\Debug\RemoteManagementLibrary.dll...
10.03.17 09:28:01, Info: Verifying assembly C:\Projects\Remote Management Example\RemoteManagementLibrary\RemoteManagementLibrary\bin\Debug\RemoteManagementLibrary.dll
10.03.17 09:28:01, Info: Creating Archive C:\Projects\Remote Management Example\RemoteManagementLibrary\RemoteManagementLibrary\bin\Debug\RemoteManagementLibrary.clz...
10.03.17 09:28:02, Info: Saving project information...
10.03.17 09:42:14, Info: Validating assembly C:\Projects\Remote Management Example\RemoteManagementLibrary\RemoteManagementLibrary\bin\Debug\RemoteManagementLibrary.dll...
10.03.17 09:42:14, Info: Verifying assembly C:\Projects\Remote Management Example\RemoteManagementLibrary\RemoteManagementLibrary\bin\Debug\RemoteManagementLibrary.dll
10.03.17 09:42:14, Info: Creating Archive C:\Projects\Remote Management Example\RemoteManagementLibrary\RemoteManagementLibrary\bin\Debug\RemoteManagementLibrary.clz...
10.03.17 09:42:14, Info: Saving project information...
10.03.17 09:45:31, Info: Validating assembly C:\Projects\Remote Management Example\RemoteManagementLibrary\RemoteManagementLibrary\bin\Debug\RemoteManagementLibrary.dll...
10.03.17 09:45:31, Info: Verifying assembly C:\Projects\Remote Management Example\RemoteManagementLibrary\RemoteManagementLibrary\bin\Debug\RemoteManagementLibrary.dll
10.03.17 09:45:31, Info: Creating Archive C:\Projects\Remote Management Example\RemoteManagementLibrary\RemoteManagementLibrary\bin\Debug\RemoteManagementLibrary.clz...
10.03.17 09:45:31, Info: Saving project information...
10.03.17 09:52:03, Info: Validating assembly C:\Projects\Remote Management Example\RemoteManagementLibrary\RemoteManagementLibrary\bin\Debug\RemoteManagementLibrary.dll...
10.03.17 09:52:03, Info: Verifying assembly C:\Projects\Remote Management Example\RemoteManagementLibrary\RemoteManagementLibrary\bin\Debug\RemoteManagementLibrary.dll
10.03.17 09:52:03, Info: Creating Archive C:\Projects\Remote Management Example\RemoteManagementLibrary\RemoteManagementLibrary\bin\Debug\RemoteManagementLibrary.clz...
10.03.17 09:52:04, Info: Saving project information...
10.03.17 09:59:48, Info: Validating assembly C:\Projects\Remote Management Example\RemoteManagementLibrary\RemoteManagementLibrary\bin\Debug\RemoteManagementLibrary.dll...
10.03.17 09:59:48, Info: Verifying assembly C:\Projects\Remote Management Example\RemoteManagementLibrary\RemoteManagementLibrary\bin\Debug\RemoteManagementLibrary.dll
10.03.17 09:59:48, Info: Creating Archive C:\Projects\Remote Management Example\RemoteManagementLibrary\RemoteManagementLibrary\bin\Debug\RemoteManagementLibrary.clz...
10.03.17 09:59:48, Info: Saving project information...
10.03.17 10:21:34, Info: Validating assembly C:\Projects\Remote Management Example\RemoteManagementLibrary\RemoteManagementLibrary\bin\Debug\RemoteManagementLibrary.dll...
10.03.17 10:21:34, Info: Verifying assembly C:\Projects\Remote Management Example\RemoteManagementLibrary\RemoteManagementLibrary\bin\Debug\RemoteManagementLibrary.dll
10.03.17 10:21:34, Info: Creating Archive C:\Projects\Remote Management Example\RemoteManagementLibrary\RemoteManagementLibrary\bin\Debug\RemoteManagementLibrary.clz...
10.03.17 10:21:34, Info: Saving project information...
10.03.17 10:34:50, Info: Validating assembly C:\Projects\Remote Management Example\RemoteManagementLibrary\RemoteManagementLibrary\bin\Debug\RemoteManagementLibrary.dll...
10.03.17 10:34:50, Info: Verifying assembly C:\Projects\Remote Management Example\RemoteManagementLibrary\RemoteManagementLibrary\bin\Debug\RemoteManagementLibrary.dll
10.03.17 10:34:50, Info: Creating Archive C:\Projects\Remote Management Example\RemoteManagementLibrary\RemoteManagementLibrary\bin\Debug\RemoteManagementLibrary.clz...
10.03.17 10:34:50, Info: Saving project information...
10.03.17 17:20:42, Info: Validating assembly C:\Projects\Remote Management Example\RemoteManagementLibrary\RemoteManagementLibrary\bin\Debug\RemoteManagementLibrary.dll...
10.03.17 17:20:42, Info: Verifying assembly C:\Projects\Remote Management Example\RemoteManagementLibrary\RemoteManagementLibrary\bin\Debug\RemoteManagementLibrary.dll
10.03.17 17:20:43, Info: Creating Archive C:\Projects\Remote Management Example\RemoteManagementLibrary\RemoteManagementLibrary\bin\Debug\RemoteManagementLibrary.clz...
10.03.17 17:20:43, Info: Saving project information...
10.03.17 17:23:34, Info: Validating assembly C:\Projects\Remote Management Example\RemoteManagementLibrary\RemoteManagementLibrary\bin\Debug\RemoteManagementLibrary.dll...
10.03.17 17:23:34, Info: Verifying assembly C:\Projects\Remote Management Example\RemoteManagementLibrary\RemoteManagementLibrary\bin\Debug\RemoteManagementLibrary.dll
10.03.17 17:23:34, Info: Creating Archive C:\Projects\Remote Management Example\RemoteManagementLibrary\RemoteManagementLibrary\bin\Debug\RemoteManagementLibrary.clz...
10.03.17 17:23:34, Info: Saving project information...
10.03.17 17:33:20, Info: Validating assembly C:\Projects\Remote Management Example\RemoteManagementLibrary\RemoteManagementLibrary\bin\Debug\RemoteManagementLibrary.dll...
10.03.17 17:33:20, Info: Verifying assembly C:\Projects\Remote Management Example\RemoteManagementLibrary\RemoteManagementLibrary\bin\Debug\RemoteManagementLibrary.dll
10.03.17 17:33:20, Info: Creating Archive C:\Projects\Remote Management Example\RemoteManagementLibrary\RemoteManagementLibrary\bin\Debug\RemoteManagementLibrary.clz...
10.03.17 17:33:20, Info: Saving project information...
10.03.17 17:33:29, Info: Validating assembly C:\Projects\Remote Management Example\RemoteManagementLibrary\RemoteManagementLibrary\bin\Debug\RemoteManagementLibrary.dll...
10.03.17 17:33:29, Info: Verifying assembly C:\Projects\Remote Management Example\RemoteManagementLibrary\RemoteManagementLibrary\bin\Debug\RemoteManagementLibrary.dll
10.03.17 17:33:30, Info: Creating Archive C:\Projects\Remote Management Example\RemoteManagementLibrary\RemoteManagementLibrary\bin\Debug\RemoteManagementLibrary.clz...
10.03.17 17:33:30, Info: Saving project information...
10.03.17 17:38:44, Info: Validating assembly C:\Projects\Remote Management Example\RemoteManagementLibrary\RemoteManagementLibrary\bin\Debug\RemoteManagementLibrary.dll...
10.03.17 17:38:44, Info: Verifying assembly C:\Projects\Remote Management Example\RemoteManagementLibrary\RemoteManagementLibrary\bin\Debug\RemoteManagementLibrary.dll
10.03.17 17:38:44, Info: Creating Archive C:\Projects\Remote Management Example\RemoteManagementLibrary\RemoteManagementLibrary\bin\Debug\RemoteManagementLibrary.clz...
10.03.17 17:38:44, Info: Saving project information...
10.03.17 17:38:54, Info: Validating assembly C:\Projects\Remote Management Example\RemoteManagementLibrary\RemoteManagementLibrary\bin\Debug\RemoteManagementLibrary.dll...
10.03.17 17:38:54, Info: Verifying assembly C:\Projects\Remote Management Example\RemoteManagementLibrary\RemoteManagementLibrary\bin\Debug\RemoteManagementLibrary.dll
10.03.17 17:38:54, Info: Creating Archive C:\Projects\Remote Management Example\RemoteManagementLibrary\RemoteManagementLibrary\bin\Debug\RemoteManagementLibrary.clz...
10.03.17 17:38:55, Info: Saving project information...
10.03.17 17:45:52, Info: Validating assembly C:\Projects\Remote Management Example\RemoteManagementLibrary\RemoteManagementLibrary\bin\Debug\RemoteManagementLibrary.dll...
10.03.17 17:45:52, Info: Verifying assembly C:\Projects\Remote Management Example\RemoteManagementLibrary\RemoteManagementLibrary\bin\Debug\RemoteManagementLibrary.dll
10.03.17 17:45:52, Info: Creating Archive C:\Projects\Remote Management Example\RemoteManagementLibrary\RemoteManagementLibrary\bin\Debug\RemoteManagementLibrary.clz...
10.03.17 17:45:52, Info: Saving project information...
10.03.17 17:46:14, Info: Validating assembly C:\Projects\Remote Management Example\RemoteManagementLibrary\RemoteManagementLibrary\bin\Debug\RemoteManagementLibrary.dll...
10.03.17 17:46:14, Info: Verifying assembly C:\Projects\Remote Management Example\RemoteManagementLibrary\RemoteManagementLibrary\bin\Debug\RemoteManagementLibrary.dll
10.03.17 17:46:14, Info: Creating Archive C:\Projects\Remote Management Example\RemoteManagementLibrary\RemoteManagementLibrary\bin\Debug\RemoteManagementLibrary.clz...
10.03.17 17:46:14, Info: Saving project information...
10.03.17 17:51:17, Info: Validating assembly C:\Projects\Remote Management Example\RemoteManagementLibrary\RemoteManagementLibrary\bin\Debug\RemoteManagementLibrary.dll...
10.03.17 17:51:17, Info: Verifying assembly C:\Projects\Remote Management Example\RemoteManagementLibrary\RemoteManagementLibrary\bin\Debug\RemoteManagementLibrary.dll
10.03.17 17:51:17, Info: Creating Archive C:\Projects\Remote Management Example\RemoteManagementLibrary\RemoteManagementLibrary\bin\Debug\RemoteManagementLibrary.clz...
10.03.17 17:51:17, Info: Saving project information...
11.03.17 09:18:32, Info: Validating assembly C:\Projects\Remote Management Example\RemoteManagementLibrary\RemoteManagementLibrary\bin\Debug\RemoteManagementLibrary.dll...
11.03.17 09:18:33, Info: Verifying assembly C:\Projects\Remote Management Example\RemoteManagementLibrary\RemoteManagementLibrary\bin\Debug\RemoteManagementLibrary.dll
11.03.17 09:18:33, Info: Creating Archive C:\Projects\Remote Management Example\RemoteManagementLibrary\RemoteManagementLibrary\bin\Debug\RemoteManagementLibrary.clz...
11.03.17 09:18:33, Info: Saving project information...
11.03.17 09:18:56, Info: Validating assembly C:\Projects\SSharpResources\SSharpWebSocketClientLibrary.dll...
11.03.17 09:25:27, Info: Validating assembly C:\Projects\SSharpResources\SSMonoNetLibrary.dll...
11.03.17 09:26:30, Info: Validating assembly C:\Projects\SSharpResources\SSharpCrestronExtensionsLibrary.dll...
11.03.17 09:27:31, Info: Validating assembly C:\Projects\SSharpResources\SSMonoSupportLibrary.dll...
11.03.17 09:28:05, Info: Validating assembly C:\Projects\SSharpResources\SSharpCrestronExtensionsLibrary.dll...
11.03.17 09:28:34, Info: Validating assembly C:\Projects\SSharpResources\SSMonoNetLibrary.dll...
11.03.17 09:29:29, Info: Validating assembly C:\Projects\SSharpResources\SSharpReflectionExtensionsLibrary.dll...
11.03.17 09:29:59, Info: Validating assembly C:\Projects\SSharpResources\SSharpReflectionExtensionsLibrary.dll...
11.03.17 09:30:08, Info: Saving project information...
11.03.17 09:30:08, Info: Saving project information...
11.03.17 09:30:08, Info: Saving project information...
11.03.17 09:30:51, Info: Validating assembly C:\Projects\SSharpResources\SSMonoNetLibrary.dll...
11.03.17 09:31:38, Info: Validating assembly C:\Projects\SSharpResources\SSMonoThreadPoolLibrary.dll...
11.03.17 09:32:29, Info: Validating assembly C:\Projects\SSharpResources\SSharpThreadingLibrary.dll...
11.03.17 09:32:55, Info: Validating assembly C:\Projects\SSharpResources\SSMonoThreadPoolLibrary.dll...
11.03.17 09:33:43, Info: Validating assembly C:\Projects\SSharpResources\SSMonoTupleLibrary.dll...
11.03.17 09:34:13, Info: Validating assembly C:\Projects\SSharpResources\SSMonoThreadPoolLibrary.dll...
11.03.17 09:34:41, Info: Validating assembly C:\Projects\SSharpResources\SSMonoNetLibrary.dll...
11.03.17 09:35:02, Info: Validating assembly C:\Projects\SSharpResources\SSharpWebSocketClientLibrary.dll...
11.03.17 09:35:08, Info: Saving project information...
11.03.17 09:35:08, Info: Saving project information...
11.03.17 09:35:08, Info: Saving project information...
11.03.17 09:35:43, Info: Validating assembly C:\Projects\SSharpResources\SSMonoWebLibrary.dll...
11.03.17 09:36:28, Info: Validating assembly C:\Projects\SSharpResources\SSMonoIOLibrary.dll...
11.03.17 09:39:14, Info: Validating assembly C:\Projects\SSharpResources\SSMonoWebLibrary.dll...
11.03.17 09:39:36, Info: Validating assembly C:\Projects\SSharpResources\SSharpWebSocketClientLibrary.dll...
11.03.17 09:40:08, Info: Saving project information...
11.03.17 09:40:08, Info: Saving project information...
11.03.17 09:40:08, Info: Saving project information...
11.03.17 09:40:32, Info: Validating assembly C:\Projects\SSharpResources\SSMonoSslStreamLibrary.dll...
11.03.17 09:45:08, Info: Saving project information...
11.03.17 09:45:08, Info: Saving project information...
11.03.17 09:45:08, Info: Saving project information...
11.03.17 09:50:08, Info: Saving project information...
11.03.17 09:50:08, Info: Saving project information...
11.03.17 09:50:08, Info: Saving project information...
11.03.17 09:55:08, Info: Saving project information...
11.03.17 09:55:08, Info: Saving project information...
11.03.17 09:55:08, Info: Saving project information...
11.03.17 10:00:08, Info: Saving project information...
11.03.17 10:00:08, Info: Saving project information...
11.03.17 10:00:08, Info: Saving project information...
11.03.17 10:05:08, Info: Saving project information...
11.03.17 10:05:08, Info: Saving project information...
11.03.17 10:05:08, Info: Saving project information...
11.03.17 10:10:08, Info: Saving project information...
11.03.17 10:10:08, Info: Saving project information...
11.03.17 10:10:08, Info: Saving project information...
11.03.17 10:13:32, Info: Saving project information...
11.03.17 10:13:32, Info: Saving project information...
11.03.17 10:13:32, Info: Saving project information...
11.03.17 10:13:32, Info: Saving project information...
11.03.17 10:13:32, Info: Saving project information...
11.03.17 10:13:32, Info: Saving project information...
11.03.17 10:13:33, Info: Validating assembly C:\Projects\Remote Management Example\RemoteManagementLibrary\RemoteManagementLibrary\bin\Debug\RemoteManagementLibrary.dll...
11.03.17 10:13:33, Info: Verifying assembly C:\Projects\Remote Management Example\RemoteManagementLibrary\RemoteManagementLibrary\bin\Debug\RemoteManagementLibrary.dll
11.03.17 10:13:33, Info: Creating Archive C:\Projects\Remote Management Example\RemoteManagementLibrary\RemoteManagementLibrary\bin\Debug\RemoteManagementLibrary.clz...
11.03.17 10:13:34, Info: Saving project information...
11.03.17 10:14:29, Info: Validating assembly C:\Projects\SSharpWebSocketLibrary-master\bin\Debug\SSharpWebSocketLibrary.dll...
11.03.17 10:15:08, Info: Saving project information...
11.03.17 10:15:08, Info: Saving project information...
11.03.17 10:15:08, Info: Saving project information...
11.03.17 10:16:32, Info: Saving project information...
11.03.17 10:16:32, Info: Saving project information...
11.03.17 10:16:32, Info: Saving project information...
11.03.17 10:16:32, Info: Saving project information...
11.03.17 10:16:32, Info: Saving project information...
11.03.17 10:16:32, Info: Saving project information...
11.03.17 10:19:01, Info: Validating assembly C:\Projects\Remote Management Example\RemoteManagementLibrary\RemoteManagementLibrary\bin\Debug\RemoteManagementLibrary.dll...
11.03.17 10:19:01, Info: Verifying assembly C:\Projects\Remote Management Example\RemoteManagementLibrary\RemoteManagementLibrary\bin\Debug\RemoteManagementLibrary.dll
11.03.17 10:19:02, Info: Creating Archive C:\Projects\Remote Management Example\RemoteManagementLibrary\RemoteManagementLibrary\bin\Debug\RemoteManagementLibrary.clz...
11.03.17 10:19:03, Info: Saving project information...
11.03.17 10:47:52, Info: Validating assembly C:\Projects\Remote Management Example\RemoteManagementLibrary\RemoteManagementLibrary\bin\Debug\RemoteManagementLibrary.dll...
11.03.17 10:47:52, Info: Verifying assembly C:\Projects\Remote Management Example\RemoteManagementLibrary\RemoteManagementLibrary\bin\Debug\RemoteManagementLibrary.dll
11.03.17 10:47:52, Info: Creating Archive C:\Projects\Remote Management Example\RemoteManagementLibrary\RemoteManagementLibrary\bin\Debug\RemoteManagementLibrary.clz...
11.03.17 10:47:53, Info: Saving project information...
11.03.17 10:49:37, Info: Validating assembly C:\Projects\Remote Management Example\RemoteManagementLibrary\RemoteManagementLibrary\bin\Debug\RemoteManagementLibrary.dll...
11.03.17 10:49:38, Info: Verifying assembly C:\Projects\Remote Management Example\RemoteManagementLibrary\RemoteManagementLibrary\bin\Debug\RemoteManagementLibrary.dll
11.03.17 10:49:38, Info: Creating Archive C:\Projects\Remote Management Example\RemoteManagementLibrary\RemoteManagementLibrary\bin\Debug\RemoteManagementLibrary.clz...
11.03.17 10:49:39, Info: Saving project information...
11.03.17 11:17:28, Info: Terminating SIMPLSharp Services
