02.03.17 16:42:02, Info: Initializing SIMPLSharp Services...
02.03.17 16:42:02, Info: ProjectInfo successfully initialized.
02.03.17 16:42:07, Info: Validating assembly C:\Projects\Remote Management Example\RemoteManagementLibrary\RemoteManagementLibrary\bin\RemoteManagementLibrary.dll...
02.03.17 16:42:08, Info: Verifying assembly C:\Projects\Remote Management Example\RemoteManagementLibrary\RemoteManagementLibrary\bin\RemoteManagementLibrary.dll
02.03.17 16:43:02, Info: Saving project information...
02.03.17 16:43:02, Info: Saving project information...
02.03.17 16:43:02, Info: Saving project information...
02.03.17 16:43:02, Info: Saving project information...
02.03.17 16:43:02, Info: Saving project information...
02.03.17 16:43:02, Info: Saving project information...
02.03.17 16:43:02, Info: Validating assembly C:\Projects\Remote Management Example\RemoteManagementLibrary\RemoteManagementLibrary\bin\RemoteManagementLibrary.dll...
02.03.17 16:43:03, Info: Verifying assembly C:\Projects\Remote Management Example\RemoteManagementLibrary\RemoteManagementLibrary\bin\RemoteManagementLibrary.dll
02.03.17 16:45:55, Info: Saving project information...
02.03.17 16:45:55, Info: Saving project information...
02.03.17 16:45:55, Info: Saving project information...
02.03.17 16:45:55, Info: Saving project information...
02.03.17 16:45:55, Info: Saving project information...
02.03.17 16:45:55, Info: Saving project information...
02.03.17 16:45:56, Info: Validating assembly C:\Projects\Remote Management Example\RemoteManagementLibrary\RemoteManagementLibrary\bin\Debug\RemoteManagementLibrary.dll...
02.03.17 16:45:56, Info: Verifying assembly C:\Projects\Remote Management Example\RemoteManagementLibrary\RemoteManagementLibrary\bin\Debug\RemoteManagementLibrary.dll
02.03.17 16:45:56, Info: Creating Archive C:\Projects\Remote Management Example\RemoteManagementLibrary\RemoteManagementLibrary\bin\Debug\RemoteManagementLibrary.clz...
02.03.17 16:45:56, Info: Saving project information...
02.03.17 16:57:12, Info: Saving project information...
02.03.17 16:57:12, Info: Saving project information...
02.03.17 16:57:12, Info: Saving project information...
02.03.17 16:57:12, Info: Saving project information...
02.03.17 16:57:12, Info: Saving project information...
02.03.17 16:57:12, Info: Saving project information...
02.03.17 16:57:12, Info: Validating assembly C:\Projects\Remote Management Example\RemoteManagementLibrary\RemoteManagementLibrary\bin\Debug\RemoteManagementLibrary.dll...
02.03.17 16:57:12, Info: Verifying assembly C:\Projects\Remote Management Example\RemoteManagementLibrary\RemoteManagementLibrary\bin\Debug\RemoteManagementLibrary.dll
02.03.17 16:57:12, Info: Creating Archive C:\Projects\Remote Management Example\RemoteManagementLibrary\RemoteManagementLibrary\bin\Debug\RemoteManagementLibrary.clz...
02.03.17 16:57:12, Info: Saving project information...
02.03.17 16:58:03, Info: Validating assembly C:\Projects\Remote Management Example\RemoteManagementLibrary\RemoteManagementLibrary\bin\Debug\RemoteManagementLibrary.dll...
02.03.17 16:58:03, Info: Verifying assembly C:\Projects\Remote Management Example\RemoteManagementLibrary\RemoteManagementLibrary\bin\Debug\RemoteManagementLibrary.dll
02.03.17 16:58:03, Info: Creating Archive C:\Projects\Remote Management Example\RemoteManagementLibrary\RemoteManagementLibrary\bin\Debug\RemoteManagementLibrary.clz...
02.03.17 16:58:04, Info: Saving project information...
02.03.17 16:59:52, Info: Validating assembly C:\Projects\Remote Management Example\RemoteManagementLibrary\RemoteManagementLibrary\bin\Debug\RemoteManagementLibrary.dll...
02.03.17 16:59:52, Info: Verifying assembly C:\Projects\Remote Management Example\RemoteManagementLibrary\RemoteManagementLibrary\bin\Debug\RemoteManagementLibrary.dll
02.03.17 16:59:52, Info: Creating Archive C:\Projects\Remote Management Example\RemoteManagementLibrary\RemoteManagementLibrary\bin\Debug\RemoteManagementLibrary.clz...
02.03.17 16:59:53, Info: Saving project information...
02.03.17 17:05:16, Info: Terminating SIMPLSharp Services
