02.03.17 16:28:24, Info: Initializing SIMPLSharp Services...
02.03.17 16:28:24, Info: ProjectInfo successfully initialized.
02.03.17 16:28:28, Info: Validating assembly C:\Projects\Remote Management Example\RemoteManagementLibrary\RemoteManagementLibrary\bin\RemoteManagementLibrary.dll...
02.03.17 16:28:28, Info: Verifying assembly C:\Projects\Remote Management Example\RemoteManagementLibrary\RemoteManagementLibrary\bin\RemoteManagementLibrary.dll
02.03.17 16:28:48, Info: Saving project information...
02.03.17 16:28:48, Info: Saving project information...
02.03.17 16:28:48, Info: Saving project information...
02.03.17 16:28:48, Info: Saving project information...
02.03.17 16:28:48, Info: Saving project information...
02.03.17 16:28:48, Info: Saving project information...
02.03.17 16:28:48, Info: Validating assembly C:\Projects\Remote Management Example\RemoteManagementLibrary\RemoteManagementLibrary\bin\RemoteManagementLibrary.dll...
02.03.17 16:28:49, Info: Verifying assembly C:\Projects\Remote Management Example\RemoteManagementLibrary\RemoteManagementLibrary\bin\RemoteManagementLibrary.dll
02.03.17 16:29:04, Info: Saving project information...
02.03.17 16:29:04, Info: Saving project information...
02.03.17 16:29:04, Info: Saving project information...
02.03.17 16:29:04, Info: Saving project information...
02.03.17 16:29:04, Info: Saving project information...
02.03.17 16:29:04, Info: Saving project information...
02.03.17 16:29:04, Info: Validating assembly C:\Projects\Remote Management Example\RemoteManagementLibrary\RemoteManagementLibrary\bin\RemoteManagementLibrary.dll...
02.03.17 16:29:05, Info: Verifying assembly C:\Projects\Remote Management Example\RemoteManagementLibrary\RemoteManagementLibrary\bin\RemoteManagementLibrary.dll
02.03.17 16:30:36, Info: Saving project information...
02.03.17 16:30:36, Info: Saving project information...
02.03.17 16:30:36, Info: Saving project information...
02.03.17 16:30:36, Info: Saving project information...
02.03.17 16:30:36, Info: Saving project information...
02.03.17 16:30:36, Info: Saving project information...
02.03.17 16:30:38, Info: Validating assembly C:\Projects\Remote Management Example\RemoteManagementLibrary\RemoteManagementLibrary\RemoteManagementLibrary\bin\RemoteManagementLibrary.dll...
02.03.17 16:30:38, Info: Verifying assembly C:\Projects\Remote Management Example\RemoteManagementLibrary\RemoteManagementLibrary\RemoteManagementLibrary\bin\RemoteManagementLibrary.dll
02.03.17 16:30:38, Info: Creating Archive C:\Projects\Remote Management Example\RemoteManagementLibrary\RemoteManagementLibrary\RemoteManagementLibrary\bin\RemoteManagementLibrary.clz...
02.03.17 16:30:39, Info: Saving project information...
02.03.17 16:31:18, Info: Saving project information...
02.03.17 16:31:18, Info: Saving project information...
02.03.17 16:31:18, Info: Saving project information...
02.03.17 16:31:18, Info: Saving project information...
02.03.17 16:31:18, Info: Saving project information...
02.03.17 16:31:18, Info: Saving project information...
02.03.17 16:31:19, Info: Validating assembly C:\Projects\Remote Management Example\RemoteManagementLibrary\RemoteManagementLibrary\bin\Debug\RemoteManagementLibrary.dll...
02.03.17 16:31:19, Info: Verifying assembly C:\Projects\Remote Management Example\RemoteManagementLibrary\RemoteManagementLibrary\bin\Debug\RemoteManagementLibrary.dll
02.03.17 16:31:19, Info: Creating Archive C:\Projects\Remote Management Example\RemoteManagementLibrary\RemoteManagementLibrary\bin\Debug\RemoteManagementLibrary.clz...
02.03.17 16:31:19, Info: Saving project information...
02.03.17 16:33:08, Info: Terminating SIMPLSharp Services
