06.03.17 11:28:20, Info: Initializing SIMPLSharp Services...
06.03.17 11:28:20, Info: ProjectInfo successfully initialized.
06.03.17 11:37:14, Info: Validating assembly C:\Projects\Remote Management Example\RemoteManagementLibrary\RemoteManagementLibrary\bin\Debug\RemoteManagementLibrary.dll...
06.03.17 11:37:14, Info: Verifying assembly C:\Projects\Remote Management Example\RemoteManagementLibrary\RemoteManagementLibrary\bin\Debug\RemoteManagementLibrary.dll
06.03.17 11:37:14, Info: Creating Archive C:\Projects\Remote Management Example\RemoteManagementLibrary\RemoteManagementLibrary\bin\Debug\RemoteManagementLibrary.clz...
06.03.17 11:37:14, Info: Saving project information...
06.03.17 11:43:10, Info: Validating assembly C:\Projects\Remote Management Example\RemoteManagementLibrary\RemoteManagementLibrary\bin\Debug\RemoteManagementLibrary.dll...
06.03.17 11:43:10, Info: Verifying assembly C:\Projects\Remote Management Example\RemoteManagementLibrary\RemoteManagementLibrary\bin\Debug\RemoteManagementLibrary.dll
06.03.17 11:43:10, Info: Creating Archive C:\Projects\Remote Management Example\RemoteManagementLibrary\RemoteManagementLibrary\bin\Debug\RemoteManagementLibrary.clz...
06.03.17 11:43:11, Info: Saving project information...
06.03.17 11:44:37, Info: Validating assembly C:\Projects\Remote Management Example\RemoteManagementLibrary\RemoteManagementLibrary\bin\Debug\RemoteManagementLibrary.dll...
06.03.17 11:44:37, Info: Verifying assembly C:\Projects\Remote Management Example\RemoteManagementLibrary\RemoteManagementLibrary\bin\Debug\RemoteManagementLibrary.dll
06.03.17 11:44:37, Info: Creating Archive C:\Projects\Remote Management Example\RemoteManagementLibrary\RemoteManagementLibrary\bin\Debug\RemoteManagementLibrary.clz...
06.03.17 11:44:38, Info: Saving project information...
06.03.17 11:52:52, Info: Validating assembly C:\Projects\Remote Management Example\RemoteManagementLibrary\RemoteManagementLibrary\bin\Debug\RemoteManagementLibrary.dll...
06.03.17 11:52:53, Info: Verifying assembly C:\Projects\Remote Management Example\RemoteManagementLibrary\RemoteManagementLibrary\bin\Debug\RemoteManagementLibrary.dll
06.03.17 11:52:53, Info: Creating Archive C:\Projects\Remote Management Example\RemoteManagementLibrary\RemoteManagementLibrary\bin\Debug\RemoteManagementLibrary.clz...
06.03.17 11:52:53, Info: Saving project information...
06.03.17 12:00:58, Info: Validating assembly C:\Projects\Remote Management Example\RemoteManagementLibrary\RemoteManagementLibrary\bin\Debug\RemoteManagementLibrary.dll...
06.03.17 12:00:58, Info: Verifying assembly C:\Projects\Remote Management Example\RemoteManagementLibrary\RemoteManagementLibrary\bin\Debug\RemoteManagementLibrary.dll
06.03.17 12:00:58, Info: Creating Archive C:\Projects\Remote Management Example\RemoteManagementLibrary\RemoteManagementLibrary\bin\Debug\RemoteManagementLibrary.clz...
06.03.17 12:00:58, Info: Saving project information...
06.03.17 12:04:53, Info: Validating assembly C:\Projects\Remote Management Example\RemoteManagementLibrary\RemoteManagementLibrary\bin\Debug\RemoteManagementLibrary.dll...
06.03.17 12:04:53, Info: Verifying assembly C:\Projects\Remote Management Example\RemoteManagementLibrary\RemoteManagementLibrary\bin\Debug\RemoteManagementLibrary.dll
06.03.17 12:04:53, Info: Creating Archive C:\Projects\Remote Management Example\RemoteManagementLibrary\RemoteManagementLibrary\bin\Debug\RemoteManagementLibrary.clz...
06.03.17 12:04:53, Info: Saving project information...
06.03.17 12:09:32, Info: Validating assembly C:\Projects\Remote Management Example\RemoteManagementLibrary\RemoteManagementLibrary\bin\Debug\RemoteManagementLibrary.dll...
06.03.17 12:09:32, Info: Verifying assembly C:\Projects\Remote Management Example\RemoteManagementLibrary\RemoteManagementLibrary\bin\Debug\RemoteManagementLibrary.dll
06.03.17 12:09:32, Info: Creating Archive C:\Projects\Remote Management Example\RemoteManagementLibrary\RemoteManagementLibrary\bin\Debug\RemoteManagementLibrary.clz...
06.03.17 12:09:32, Info: Saving project information...
06.03.17 12:13:49, Info: Validating assembly C:\Projects\Remote Management Example\RemoteManagementLibrary\RemoteManagementLibrary\bin\Debug\RemoteManagementLibrary.dll...
06.03.17 12:13:49, Info: Verifying assembly C:\Projects\Remote Management Example\RemoteManagementLibrary\RemoteManagementLibrary\bin\Debug\RemoteManagementLibrary.dll
06.03.17 12:13:49, Info: Creating Archive C:\Projects\Remote Management Example\RemoteManagementLibrary\RemoteManagementLibrary\bin\Debug\RemoteManagementLibrary.clz...
06.03.17 12:13:49, Info: Saving project information...
06.03.17 12:19:34, Info: Validating assembly C:\Projects\Remote Management Example\RemoteManagementLibrary\RemoteManagementLibrary\bin\Debug\RemoteManagementLibrary.dll...
06.03.17 12:19:34, Info: Verifying assembly C:\Projects\Remote Management Example\RemoteManagementLibrary\RemoteManagementLibrary\bin\Debug\RemoteManagementLibrary.dll
06.03.17 12:19:35, Info: Creating Archive C:\Projects\Remote Management Example\RemoteManagementLibrary\RemoteManagementLibrary\bin\Debug\RemoteManagementLibrary.clz...
06.03.17 12:19:35, Info: Saving project information...
06.03.17 12:25:00, Info: Validating assembly C:\Projects\Remote Management Example\RemoteManagementLibrary\RemoteManagementLibrary\bin\Debug\RemoteManagementLibrary.dll...
06.03.17 12:25:00, Info: Verifying assembly C:\Projects\Remote Management Example\RemoteManagementLibrary\RemoteManagementLibrary\bin\Debug\RemoteManagementLibrary.dll
06.03.17 12:25:00, Info: Creating Archive C:\Projects\Remote Management Example\RemoteManagementLibrary\RemoteManagementLibrary\bin\Debug\RemoteManagementLibrary.clz...
06.03.17 12:25:00, Info: Saving project information...
06.03.17 12:27:22, Info: Validating assembly C:\Projects\Remote Management Example\RemoteManagementLibrary\RemoteManagementLibrary\bin\Debug\RemoteManagementLibrary.dll...
06.03.17 12:27:22, Info: Verifying assembly C:\Projects\Remote Management Example\RemoteManagementLibrary\RemoteManagementLibrary\bin\Debug\RemoteManagementLibrary.dll
06.03.17 12:27:22, Info: Creating Archive C:\Projects\Remote Management Example\RemoteManagementLibrary\RemoteManagementLibrary\bin\Debug\RemoteManagementLibrary.clz...
06.03.17 12:27:22, Info: Saving project information...
06.03.17 12:30:23, Info: Validating assembly C:\Projects\Remote Management Example\RemoteManagementLibrary\RemoteManagementLibrary\bin\Debug\RemoteManagementLibrary.dll...
06.03.17 12:30:23, Info: Verifying assembly C:\Projects\Remote Management Example\RemoteManagementLibrary\RemoteManagementLibrary\bin\Debug\RemoteManagementLibrary.dll
06.03.17 12:30:23, Info: Creating Archive C:\Projects\Remote Management Example\RemoteManagementLibrary\RemoteManagementLibrary\bin\Debug\RemoteManagementLibrary.clz...
06.03.17 12:30:24, Info: Saving project information...
06.03.17 12:35:09, Info: Validating assembly C:\Projects\Remote Management Example\RemoteManagementLibrary\RemoteManagementLibrary\bin\Debug\RemoteManagementLibrary.dll...
06.03.17 12:35:09, Info: Verifying assembly C:\Projects\Remote Management Example\RemoteManagementLibrary\RemoteManagementLibrary\bin\Debug\RemoteManagementLibrary.dll
06.03.17 12:35:09, Info: Creating Archive C:\Projects\Remote Management Example\RemoteManagementLibrary\RemoteManagementLibrary\bin\Debug\RemoteManagementLibrary.clz...
06.03.17 12:35:10, Info: Saving project information...
06.03.17 12:35:45, Info: Validating assembly C:\Projects\Remote Management Example\RemoteManagementLibrary\RemoteManagementLibrary\bin\Debug\RemoteManagementLibrary.dll...
06.03.17 12:35:45, Info: Verifying assembly C:\Projects\Remote Management Example\RemoteManagementLibrary\RemoteManagementLibrary\bin\Debug\RemoteManagementLibrary.dll
06.03.17 12:35:45, Info: Creating Archive C:\Projects\Remote Management Example\RemoteManagementLibrary\RemoteManagementLibrary\bin\Debug\RemoteManagementLibrary.clz...
06.03.17 12:35:45, Info: Saving project information...
06.03.17 12:36:10, Info: Validating assembly C:\Projects\Remote Management Example\RemoteManagementLibrary\RemoteManagementLibrary\bin\Debug\RemoteManagementLibrary.dll...
06.03.17 12:36:10, Info: Verifying assembly C:\Projects\Remote Management Example\RemoteManagementLibrary\RemoteManagementLibrary\bin\Debug\RemoteManagementLibrary.dll
06.03.17 12:36:10, Info: Creating Archive C:\Projects\Remote Management Example\RemoteManagementLibrary\RemoteManagementLibrary\bin\Debug\RemoteManagementLibrary.clz...
06.03.17 12:36:11, Info: Saving project information...
06.03.17 12:50:53, Info: Validating assembly C:\Projects\Remote Management Example\RemoteManagementLibrary\RemoteManagementLibrary\bin\Debug\RemoteManagementLibrary.dll...
06.03.17 12:50:53, Info: Verifying assembly C:\Projects\Remote Management Example\RemoteManagementLibrary\RemoteManagementLibrary\bin\Debug\RemoteManagementLibrary.dll
06.03.17 12:50:53, Info: Creating Archive C:\Projects\Remote Management Example\RemoteManagementLibrary\RemoteManagementLibrary\bin\Debug\RemoteManagementLibrary.clz...
06.03.17 12:50:53, Info: Saving project information...
06.03.17 14:50:56, Info: Validating assembly C:\Projects\Remote Management Example\RemoteManagementLibrary\RemoteManagementLibrary\bin\Debug\RemoteManagementLibrary.dll...
06.03.17 14:50:56, Info: Verifying assembly C:\Projects\Remote Management Example\RemoteManagementLibrary\RemoteManagementLibrary\bin\Debug\RemoteManagementLibrary.dll
06.03.17 14:50:56, Info: Creating Archive C:\Projects\Remote Management Example\RemoteManagementLibrary\RemoteManagementLibrary\bin\Debug\RemoteManagementLibrary.clz...
06.03.17 14:50:56, Info: Saving project information...
06.03.17 15:10:04, Info: Validating assembly C:\Projects\Remote Management Example\RemoteManagementLibrary\RemoteManagementLibrary\bin\Debug\RemoteManagementLibrary.dll...
06.03.17 15:10:04, Info: Verifying assembly C:\Projects\Remote Management Example\RemoteManagementLibrary\RemoteManagementLibrary\bin\Debug\RemoteManagementLibrary.dll
06.03.17 15:10:04, Info: Creating Archive C:\Projects\Remote Management Example\RemoteManagementLibrary\RemoteManagementLibrary\bin\Debug\RemoteManagementLibrary.clz...
06.03.17 15:10:04, Info: Saving project information...
06.03.17 15:16:44, Info: Validating assembly C:\Projects\Remote Management Example\RemoteManagementLibrary\RemoteManagementLibrary\bin\Debug\RemoteManagementLibrary.dll...
06.03.17 15:16:44, Info: Verifying assembly C:\Projects\Remote Management Example\RemoteManagementLibrary\RemoteManagementLibrary\bin\Debug\RemoteManagementLibrary.dll
06.03.17 15:16:44, Info: Creating Archive C:\Projects\Remote Management Example\RemoteManagementLibrary\RemoteManagementLibrary\bin\Debug\RemoteManagementLibrary.clz...
06.03.17 15:16:44, Info: Saving project information...
06.03.17 15:19:43, Info: Saving project information...
06.03.17 15:19:43, Info: Saving project information...
06.03.17 15:19:43, Info: Saving project information...
06.03.17 15:19:43, Info: Saving project information...
06.03.17 15:19:43, Info: Saving project information...
06.03.17 15:19:43, Info: Saving project information...
06.03.17 15:19:43, Info: Validating assembly C:\Projects\Remote Management Example\RemoteManagementLibrary\RemoteManagementLibrary\bin\Debug\RemoteManagementLibrary.dll...
06.03.17 15:19:43, Info: Verifying assembly C:\Projects\Remote Management Example\RemoteManagementLibrary\RemoteManagementLibrary\bin\Debug\RemoteManagementLibrary.dll
06.03.17 15:19:43, Info: Creating Archive C:\Projects\Remote Management Example\RemoteManagementLibrary\RemoteManagementLibrary\bin\Debug\RemoteManagementLibrary.clz...
06.03.17 15:19:43, Info: Saving project information...
06.03.17 15:36:19, Info: Saving project information...
06.03.17 15:36:19, Info: Saving project information...
06.03.17 15:36:19, Info: Saving project information...
06.03.17 15:36:19, Info: Saving project information...
06.03.17 15:36:19, Info: Saving project information...
06.03.17 15:36:19, Info: Saving project information...
06.03.17 15:36:19, Info: Validating assembly C:\Projects\Remote Management Example\RemoteManagementLibrary\RemoteManagementLibrary\bin\Debug\RemoteManagementLibrary.dll...
06.03.17 15:36:19, Info: Verifying assembly C:\Projects\Remote Management Example\RemoteManagementLibrary\RemoteManagementLibrary\bin\Debug\RemoteManagementLibrary.dll
06.03.17 15:36:19, Info: Creating Archive C:\Projects\Remote Management Example\RemoteManagementLibrary\RemoteManagementLibrary\bin\Debug\RemoteManagementLibrary.clz...
06.03.17 15:36:19, Info: Saving project information...
06.03.17 15:37:15, Info: Validating assembly C:\Projects\Remote Management Example\RemoteManagementLibrary\RemoteManagementLibrary\bin\Debug\RemoteManagementLibrary.dll...
06.03.17 15:37:16, Info: Verifying assembly C:\Projects\Remote Management Example\RemoteManagementLibrary\RemoteManagementLibrary\bin\Debug\RemoteManagementLibrary.dll
06.03.17 15:37:16, Info: Creating Archive C:\Projects\Remote Management Example\RemoteManagementLibrary\RemoteManagementLibrary\bin\Debug\RemoteManagementLibrary.clz...
06.03.17 15:37:16, Info: Saving project information...
06.03.17 15:51:49, Info: Saving project information...
06.03.17 15:51:49, Info: Saving project information...
06.03.17 15:51:49, Info: Saving project information...
06.03.17 15:51:49, Info: Saving project information...
06.03.17 15:51:49, Info: Saving project information...
06.03.17 15:51:49, Info: Saving project information...
06.03.17 15:51:50, Info: Validating assembly C:\Projects\Remote Management Example\RemoteManagementLibrary\RemoteManagementLibrary\bin\Debug\RemoteManagementLibrary.dll...
06.03.17 15:51:50, Info: Verifying assembly C:\Projects\Remote Management Example\RemoteManagementLibrary\RemoteManagementLibrary\bin\Debug\RemoteManagementLibrary.dll
06.03.17 15:51:50, Info: Creating Archive C:\Projects\Remote Management Example\RemoteManagementLibrary\RemoteManagementLibrary\bin\Debug\RemoteManagementLibrary.clz...
06.03.17 15:51:50, Info: Saving project information...
06.03.17 15:55:58, Info: Validating assembly C:\Projects\Remote Management Example\RemoteManagementLibrary\RemoteManagementLibrary\bin\Debug\RemoteManagementLibrary.dll...
06.03.17 15:55:58, Info: Verifying assembly C:\Projects\Remote Management Example\RemoteManagementLibrary\RemoteManagementLibrary\bin\Debug\RemoteManagementLibrary.dll
06.03.17 15:55:58, Info: Creating Archive C:\Projects\Remote Management Example\RemoteManagementLibrary\RemoteManagementLibrary\bin\Debug\RemoteManagementLibrary.clz...
06.03.17 15:55:58, Info: Saving project information...
06.03.17 16:05:56, Info: Validating assembly C:\Projects\Remote Management Example\RemoteManagementLibrary\RemoteManagementLibrary\bin\Debug\RemoteManagementLibrary.dll...
06.03.17 16:05:56, Info: Verifying assembly C:\Projects\Remote Management Example\RemoteManagementLibrary\RemoteManagementLibrary\bin\Debug\RemoteManagementLibrary.dll
06.03.17 16:05:56, Info: Creating Archive C:\Projects\Remote Management Example\RemoteManagementLibrary\RemoteManagementLibrary\bin\Debug\RemoteManagementLibrary.clz...
06.03.17 16:05:56, Info: Saving project information...
06.03.17 16:16:15, Info: Validating assembly C:\Projects\Remote Management Example\RemoteManagementLibrary\RemoteManagementLibrary\bin\Debug\RemoteManagementLibrary.dll...
06.03.17 16:16:15, Info: Verifying assembly C:\Projects\Remote Management Example\RemoteManagementLibrary\RemoteManagementLibrary\bin\Debug\RemoteManagementLibrary.dll
06.03.17 16:16:16, Info: Creating Archive C:\Projects\Remote Management Example\RemoteManagementLibrary\RemoteManagementLibrary\bin\Debug\RemoteManagementLibrary.clz...
06.03.17 16:16:16, Info: Saving project information...
06.03.17 16:16:47, Info: Validating assembly C:\Projects\Remote Management Example\RemoteManagementLibrary\RemoteManagementLibrary\bin\Debug\RemoteManagementLibrary.dll...
06.03.17 16:16:47, Info: Verifying assembly C:\Projects\Remote Management Example\RemoteManagementLibrary\RemoteManagementLibrary\bin\Debug\RemoteManagementLibrary.dll
06.03.17 16:16:47, Info: Creating Archive C:\Projects\Remote Management Example\RemoteManagementLibrary\RemoteManagementLibrary\bin\Debug\RemoteManagementLibrary.clz...
06.03.17 16:16:48, Info: Saving project information...
06.03.17 16:19:41, Info: Validating assembly C:\Projects\Remote Management Example\RemoteManagementLibrary\RemoteManagementLibrary\bin\Debug\RemoteManagementLibrary.dll...
06.03.17 16:19:41, Info: Verifying assembly C:\Projects\Remote Management Example\RemoteManagementLibrary\RemoteManagementLibrary\bin\Debug\RemoteManagementLibrary.dll
06.03.17 16:19:41, Info: Creating Archive C:\Projects\Remote Management Example\RemoteManagementLibrary\RemoteManagementLibrary\bin\Debug\RemoteManagementLibrary.clz...
06.03.17 16:19:41, Info: Saving project information...
06.03.17 16:21:07, Info: Validating assembly C:\Projects\Remote Management Example\RemoteManagementLibrary\RemoteManagementLibrary\bin\Debug\RemoteManagementLibrary.dll...
06.03.17 16:21:07, Info: Verifying assembly C:\Projects\Remote Management Example\RemoteManagementLibrary\RemoteManagementLibrary\bin\Debug\RemoteManagementLibrary.dll
06.03.17 16:21:07, Info: Creating Archive C:\Projects\Remote Management Example\RemoteManagementLibrary\RemoteManagementLibrary\bin\Debug\RemoteManagementLibrary.clz...
06.03.17 16:21:07, Info: Saving project information...
06.03.17 16:22:28, Info: Validating assembly C:\Projects\Remote Management Example\RemoteManagementLibrary\RemoteManagementLibrary\bin\Debug\RemoteManagementLibrary.dll...
06.03.17 16:22:28, Info: Verifying assembly C:\Projects\Remote Management Example\RemoteManagementLibrary\RemoteManagementLibrary\bin\Debug\RemoteManagementLibrary.dll
06.03.17 16:22:28, Info: Creating Archive C:\Projects\Remote Management Example\RemoteManagementLibrary\RemoteManagementLibrary\bin\Debug\RemoteManagementLibrary.clz...
06.03.17 16:22:28, Info: Saving project information...
06.03.17 16:23:38, Info: Validating assembly C:\Projects\Remote Management Example\RemoteManagementLibrary\RemoteManagementLibrary\bin\Debug\RemoteManagementLibrary.dll...
06.03.17 16:23:38, Info: Verifying assembly C:\Projects\Remote Management Example\RemoteManagementLibrary\RemoteManagementLibrary\bin\Debug\RemoteManagementLibrary.dll
06.03.17 16:23:38, Info: Creating Archive C:\Projects\Remote Management Example\RemoteManagementLibrary\RemoteManagementLibrary\bin\Debug\RemoteManagementLibrary.clz...
06.03.17 16:23:38, Info: Saving project information...
06.03.17 16:26:53, Info: Validating assembly C:\Projects\Remote Management Example\RemoteManagementLibrary\RemoteManagementLibrary\bin\Debug\RemoteManagementLibrary.dll...
06.03.17 16:26:53, Info: Verifying assembly C:\Projects\Remote Management Example\RemoteManagementLibrary\RemoteManagementLibrary\bin\Debug\RemoteManagementLibrary.dll
06.03.17 16:26:53, Info: Creating Archive C:\Projects\Remote Management Example\RemoteManagementLibrary\RemoteManagementLibrary\bin\Debug\RemoteManagementLibrary.clz...
06.03.17 16:26:53, Info: Saving project information...
06.03.17 16:36:24, Info: Validating assembly C:\Projects\Remote Management Example\RemoteManagementLibrary\RemoteManagementLibrary\bin\Debug\RemoteManagementLibrary.dll...
06.03.17 16:36:24, Info: Verifying assembly C:\Projects\Remote Management Example\RemoteManagementLibrary\RemoteManagementLibrary\bin\Debug\RemoteManagementLibrary.dll
06.03.17 16:36:24, Info: Creating Archive C:\Projects\Remote Management Example\RemoteManagementLibrary\RemoteManagementLibrary\bin\Debug\RemoteManagementLibrary.clz...
06.03.17 16:36:24, Info: Saving project information...
06.03.17 16:41:08, Info: Validating assembly C:\Projects\Remote Management Example\RemoteManagementLibrary\RemoteManagementLibrary\bin\Debug\RemoteManagementLibrary.dll...
06.03.17 16:41:08, Info: Verifying assembly C:\Projects\Remote Management Example\RemoteManagementLibrary\RemoteManagementLibrary\bin\Debug\RemoteManagementLibrary.dll
06.03.17 16:41:08, Info: Creating Archive C:\Projects\Remote Management Example\RemoteManagementLibrary\RemoteManagementLibrary\bin\Debug\RemoteManagementLibrary.clz...
06.03.17 16:41:08, Info: Saving project information...
06.03.17 16:42:59, Info: Validating assembly C:\Projects\Remote Management Example\RemoteManagementLibrary\RemoteManagementLibrary\bin\Debug\RemoteManagementLibrary.dll...
06.03.17 16:42:59, Info: Verifying assembly C:\Projects\Remote Management Example\RemoteManagementLibrary\RemoteManagementLibrary\bin\Debug\RemoteManagementLibrary.dll
06.03.17 16:42:59, Info: Creating Archive C:\Projects\Remote Management Example\RemoteManagementLibrary\RemoteManagementLibrary\bin\Debug\RemoteManagementLibrary.clz...
06.03.17 16:42:59, Info: Saving project information...
06.03.17 16:45:26, Info: Validating assembly C:\Projects\Remote Management Example\RemoteManagementLibrary\RemoteManagementLibrary\bin\Debug\RemoteManagementLibrary.dll...
06.03.17 16:45:27, Info: Verifying assembly C:\Projects\Remote Management Example\RemoteManagementLibrary\RemoteManagementLibrary\bin\Debug\RemoteManagementLibrary.dll
06.03.17 16:45:27, Info: Creating Archive C:\Projects\Remote Management Example\RemoteManagementLibrary\RemoteManagementLibrary\bin\Debug\RemoteManagementLibrary.clz...
06.03.17 16:45:27, Info: Saving project information...
06.03.17 16:45:43, Info: Validating assembly C:\Projects\Remote Management Example\RemoteManagementLibrary\RemoteManagementLibrary\bin\Debug\RemoteManagementLibrary.dll...
06.03.17 16:45:43, Info: Verifying assembly C:\Projects\Remote Management Example\RemoteManagementLibrary\RemoteManagementLibrary\bin\Debug\RemoteManagementLibrary.dll
06.03.17 16:45:43, Info: Creating Archive C:\Projects\Remote Management Example\RemoteManagementLibrary\RemoteManagementLibrary\bin\Debug\RemoteManagementLibrary.clz...
06.03.17 16:45:43, Info: Saving project information...
06.03.17 16:46:04, Info: Validating assembly C:\Projects\Remote Management Example\RemoteManagementLibrary\RemoteManagementLibrary\bin\Debug\RemoteManagementLibrary.dll...
06.03.17 16:46:04, Info: Verifying assembly C:\Projects\Remote Management Example\RemoteManagementLibrary\RemoteManagementLibrary\bin\Debug\RemoteManagementLibrary.dll
06.03.17 16:46:04, Info: Creating Archive C:\Projects\Remote Management Example\RemoteManagementLibrary\RemoteManagementLibrary\bin\Debug\RemoteManagementLibrary.clz...
06.03.17 16:46:04, Info: Saving project information...
06.03.17 16:46:08, Info: Validating assembly C:\Projects\Remote Management Example\RemoteManagementLibrary\RemoteManagementLibrary\bin\Debug\RemoteManagementLibrary.dll...
06.03.17 16:46:08, Info: Verifying assembly C:\Projects\Remote Management Example\RemoteManagementLibrary\RemoteManagementLibrary\bin\Debug\RemoteManagementLibrary.dll
06.03.17 16:46:08, Info: Creating Archive C:\Projects\Remote Management Example\RemoteManagementLibrary\RemoteManagementLibrary\bin\Debug\RemoteManagementLibrary.clz...
06.03.17 16:46:09, Info: Saving project information...
06.03.17 16:56:47, Info: Validating assembly C:\Projects\Remote Management Example\RemoteManagementLibrary\RemoteManagementLibrary\bin\Debug\RemoteManagementLibrary.dll...
06.03.17 16:56:47, Info: Verifying assembly C:\Projects\Remote Management Example\RemoteManagementLibrary\RemoteManagementLibrary\bin\Debug\RemoteManagementLibrary.dll
06.03.17 16:56:47, Info: Creating Archive C:\Projects\Remote Management Example\RemoteManagementLibrary\RemoteManagementLibrary\bin\Debug\RemoteManagementLibrary.clz...
06.03.17 16:56:47, Info: Saving project information...
06.03.17 17:23:42, Info: Validating assembly C:\Projects\Remote Management Example\RemoteManagementLibrary\RemoteManagementLibrary\bin\Debug\RemoteManagementLibrary.dll...
06.03.17 17:23:42, Info: Verifying assembly C:\Projects\Remote Management Example\RemoteManagementLibrary\RemoteManagementLibrary\bin\Debug\RemoteManagementLibrary.dll
06.03.17 17:23:42, Info: Creating Archive C:\Projects\Remote Management Example\RemoteManagementLibrary\RemoteManagementLibrary\bin\Debug\RemoteManagementLibrary.clz...
06.03.17 17:23:42, Info: Saving project information...
07.03.17 07:04:05, Info: Validating assembly C:\Projects\Remote Management Example\RemoteManagementLibrary\RemoteManagementLibrary\bin\Debug\RemoteManagementLibrary.dll...
07.03.17 07:04:05, Info: Verifying assembly C:\Projects\Remote Management Example\RemoteManagementLibrary\RemoteManagementLibrary\bin\Debug\RemoteManagementLibrary.dll
07.03.17 07:04:06, Info: Creating Archive C:\Projects\Remote Management Example\RemoteManagementLibrary\RemoteManagementLibrary\bin\Debug\RemoteManagementLibrary.clz...
07.03.17 07:04:06, Info: Saving project information...
07.03.17 07:12:38, Info: Validating assembly C:\Projects\Remote Management Example\RemoteManagementLibrary\RemoteManagementLibrary\bin\Debug\RemoteManagementLibrary.dll...
07.03.17 07:12:38, Info: Verifying assembly C:\Projects\Remote Management Example\RemoteManagementLibrary\RemoteManagementLibrary\bin\Debug\RemoteManagementLibrary.dll
07.03.17 07:12:38, Info: Creating Archive C:\Projects\Remote Management Example\RemoteManagementLibrary\RemoteManagementLibrary\bin\Debug\RemoteManagementLibrary.clz...
07.03.17 07:12:38, Info: Saving project information...
07.03.17 08:14:03, Info: Validating assembly C:\Projects\Remote Management Example\RemoteManagementLibrary\RemoteManagementLibrary\bin\Debug\RemoteManagementLibrary.dll...
07.03.17 08:14:03, Info: Verifying assembly C:\Projects\Remote Management Example\RemoteManagementLibrary\RemoteManagementLibrary\bin\Debug\RemoteManagementLibrary.dll
07.03.17 08:14:03, Info: Creating Archive C:\Projects\Remote Management Example\RemoteManagementLibrary\RemoteManagementLibrary\bin\Debug\RemoteManagementLibrary.clz...
07.03.17 08:14:03, Info: Saving project information...
07.03.17 08:18:32, Info: Validating assembly C:\Projects\Remote Management Example\RemoteManagementLibrary\RemoteManagementLibrary\bin\Debug\RemoteManagementLibrary.dll...
07.03.17 08:18:32, Info: Verifying assembly C:\Projects\Remote Management Example\RemoteManagementLibrary\RemoteManagementLibrary\bin\Debug\RemoteManagementLibrary.dll
07.03.17 08:18:32, Info: Creating Archive C:\Projects\Remote Management Example\RemoteManagementLibrary\RemoteManagementLibrary\bin\Debug\RemoteManagementLibrary.clz...
07.03.17 08:18:33, Info: Saving project information...
07.03.17 08:18:48, Info: Validating assembly C:\Projects\Remote Management Example\RemoteManagementLibrary\RemoteManagementLibrary\bin\Debug\RemoteManagementLibrary.dll...
07.03.17 08:18:48, Info: Verifying assembly C:\Projects\Remote Management Example\RemoteManagementLibrary\RemoteManagementLibrary\bin\Debug\RemoteManagementLibrary.dll
07.03.17 08:18:48, Info: Creating Archive C:\Projects\Remote Management Example\RemoteManagementLibrary\RemoteManagementLibrary\bin\Debug\RemoteManagementLibrary.clz...
07.03.17 08:18:48, Info: Saving project information...
07.03.17 08:19:15, Info: Validating assembly C:\Projects\Remote Management Example\RemoteManagementLibrary\RemoteManagementLibrary\bin\Debug\RemoteManagementLibrary.dll...
07.03.17 08:19:15, Info: Verifying assembly C:\Projects\Remote Management Example\RemoteManagementLibrary\RemoteManagementLibrary\bin\Debug\RemoteManagementLibrary.dll
07.03.17 08:19:15, Info: Creating Archive C:\Projects\Remote Management Example\RemoteManagementLibrary\RemoteManagementLibrary\bin\Debug\RemoteManagementLibrary.clz...
07.03.17 08:19:16, Info: Saving project information...
07.03.17 08:39:20, Info: Validating assembly C:\Projects\Remote Management Example\RemoteManagementLibrary\RemoteManagementLibrary\bin\Debug\RemoteManagementLibrary.dll...
07.03.17 08:39:20, Info: Verifying assembly C:\Projects\Remote Management Example\RemoteManagementLibrary\RemoteManagementLibrary\bin\Debug\RemoteManagementLibrary.dll
07.03.17 08:39:20, Info: Creating Archive C:\Projects\Remote Management Example\RemoteManagementLibrary\RemoteManagementLibrary\bin\Debug\RemoteManagementLibrary.clz...
07.03.17 08:39:20, Info: Saving project information...
07.03.17 08:41:56, Info: Validating assembly C:\Projects\Remote Management Example\RemoteManagementLibrary\RemoteManagementLibrary\bin\Debug\RemoteManagementLibrary.dll...
07.03.17 08:41:56, Info: Verifying assembly C:\Projects\Remote Management Example\RemoteManagementLibrary\RemoteManagementLibrary\bin\Debug\RemoteManagementLibrary.dll
07.03.17 08:41:56, Info: Creating Archive C:\Projects\Remote Management Example\RemoteManagementLibrary\RemoteManagementLibrary\bin\Debug\RemoteManagementLibrary.clz...
07.03.17 08:41:56, Info: Saving project information...
07.03.17 08:50:48, Info: Validating assembly C:\Projects\Remote Management Example\RemoteManagementLibrary\RemoteManagementLibrary\bin\Debug\RemoteManagementLibrary.dll...
07.03.17 08:50:48, Info: Verifying assembly C:\Projects\Remote Management Example\RemoteManagementLibrary\RemoteManagementLibrary\bin\Debug\RemoteManagementLibrary.dll
07.03.17 08:50:48, Info: Creating Archive C:\Projects\Remote Management Example\RemoteManagementLibrary\RemoteManagementLibrary\bin\Debug\RemoteManagementLibrary.clz...
07.03.17 08:50:49, Info: Saving project information...
07.03.17 08:52:55, Info: Validating assembly C:\Projects\Remote Management Example\RemoteManagementLibrary\RemoteManagementLibrary\bin\Debug\RemoteManagementLibrary.dll...
07.03.17 08:52:55, Info: Verifying assembly C:\Projects\Remote Management Example\RemoteManagementLibrary\RemoteManagementLibrary\bin\Debug\RemoteManagementLibrary.dll
07.03.17 08:52:55, Info: Creating Archive C:\Projects\Remote Management Example\RemoteManagementLibrary\RemoteManagementLibrary\bin\Debug\RemoteManagementLibrary.clz...
07.03.17 08:52:55, Info: Saving project information...
07.03.17 09:12:04, Info: Validating assembly C:\Projects\Remote Management Example\RemoteManagementLibrary\RemoteManagementLibrary\bin\Debug\RemoteManagementLibrary.dll...
07.03.17 09:12:04, Info: Verifying assembly C:\Projects\Remote Management Example\RemoteManagementLibrary\RemoteManagementLibrary\bin\Debug\RemoteManagementLibrary.dll
07.03.17 09:12:04, Info: Creating Archive C:\Projects\Remote Management Example\RemoteManagementLibrary\RemoteManagementLibrary\bin\Debug\RemoteManagementLibrary.clz...
07.03.17 09:12:05, Info: Saving project information...
07.03.17 09:16:01, Info: Validating assembly C:\Projects\Remote Management Example\RemoteManagementLibrary\RemoteManagementLibrary\bin\Debug\RemoteManagementLibrary.dll...
07.03.17 09:16:01, Info: Verifying assembly C:\Projects\Remote Management Example\RemoteManagementLibrary\RemoteManagementLibrary\bin\Debug\RemoteManagementLibrary.dll
07.03.17 09:16:01, Info: Creating Archive C:\Projects\Remote Management Example\RemoteManagementLibrary\RemoteManagementLibrary\bin\Debug\RemoteManagementLibrary.clz...
07.03.17 09:16:02, Info: Saving project information...
07.03.17 10:05:08, Info: Validating assembly C:\Projects\Remote Management Example\RemoteManagementLibrary\RemoteManagementLibrary\bin\Debug\RemoteManagementLibrary.dll...
07.03.17 10:05:08, Info: Verifying assembly C:\Projects\Remote Management Example\RemoteManagementLibrary\RemoteManagementLibrary\bin\Debug\RemoteManagementLibrary.dll
07.03.17 10:05:08, Info: Creating Archive C:\Projects\Remote Management Example\RemoteManagementLibrary\RemoteManagementLibrary\bin\Debug\RemoteManagementLibrary.clz...
07.03.17 10:05:09, Info: Saving project information...
07.03.17 10:19:07, Info: Validating assembly C:\Projects\Remote Management Example\RemoteManagementLibrary\RemoteManagementLibrary\bin\Debug\RemoteManagementLibrary.dll...
07.03.17 10:19:07, Info: Verifying assembly C:\Projects\Remote Management Example\RemoteManagementLibrary\RemoteManagementLibrary\bin\Debug\RemoteManagementLibrary.dll
07.03.17 10:19:07, Info: Creating Archive C:\Projects\Remote Management Example\RemoteManagementLibrary\RemoteManagementLibrary\bin\Debug\RemoteManagementLibrary.clz...
07.03.17 10:19:08, Info: Saving project information...
07.03.17 10:22:37, Info: Validating assembly C:\Projects\Remote Management Example\RemoteManagementLibrary\RemoteManagementLibrary\bin\Debug\RemoteManagementLibrary.dll...
07.03.17 10:22:37, Info: Verifying assembly C:\Projects\Remote Management Example\RemoteManagementLibrary\RemoteManagementLibrary\bin\Debug\RemoteManagementLibrary.dll
07.03.17 10:22:37, Info: Creating Archive C:\Projects\Remote Management Example\RemoteManagementLibrary\RemoteManagementLibrary\bin\Debug\RemoteManagementLibrary.clz...
07.03.17 10:22:37, Info: Saving project information...
07.03.17 10:24:59, Info: Validating assembly C:\Projects\Remote Management Example\RemoteManagementLibrary\RemoteManagementLibrary\bin\Debug\RemoteManagementLibrary.dll...
07.03.17 10:24:59, Info: Verifying assembly C:\Projects\Remote Management Example\RemoteManagementLibrary\RemoteManagementLibrary\bin\Debug\RemoteManagementLibrary.dll
07.03.17 10:24:59, Info: Creating Archive C:\Projects\Remote Management Example\RemoteManagementLibrary\RemoteManagementLibrary\bin\Debug\RemoteManagementLibrary.clz...
07.03.17 10:24:59, Info: Saving project information...
07.03.17 10:27:02, Info: Validating assembly C:\Projects\Remote Management Example\RemoteManagementLibrary\RemoteManagementLibrary\bin\Debug\RemoteManagementLibrary.dll...
07.03.17 10:27:02, Info: Verifying assembly C:\Projects\Remote Management Example\RemoteManagementLibrary\RemoteManagementLibrary\bin\Debug\RemoteManagementLibrary.dll
07.03.17 10:27:02, Info: Creating Archive C:\Projects\Remote Management Example\RemoteManagementLibrary\RemoteManagementLibrary\bin\Debug\RemoteManagementLibrary.clz...
07.03.17 10:27:03, Info: Saving project information...
07.03.17 10:30:05, Info: Validating assembly C:\Projects\Remote Management Example\RemoteManagementLibrary\RemoteManagementLibrary\bin\Debug\RemoteManagementLibrary.dll...
07.03.17 10:30:06, Info: Verifying assembly C:\Projects\Remote Management Example\RemoteManagementLibrary\RemoteManagementLibrary\bin\Debug\RemoteManagementLibrary.dll
07.03.17 10:30:06, Info: Creating Archive C:\Projects\Remote Management Example\RemoteManagementLibrary\RemoteManagementLibrary\bin\Debug\RemoteManagementLibrary.clz...
07.03.17 10:30:06, Info: Saving project information...
07.03.17 10:30:15, Info: Validating assembly C:\Projects\Remote Management Example\RemoteManagementLibrary\RemoteManagementLibrary\bin\Debug\RemoteManagementLibrary.dll...
07.03.17 10:30:15, Info: Verifying assembly C:\Projects\Remote Management Example\RemoteManagementLibrary\RemoteManagementLibrary\bin\Debug\RemoteManagementLibrary.dll
07.03.17 10:30:15, Info: Creating Archive C:\Projects\Remote Management Example\RemoteManagementLibrary\RemoteManagementLibrary\bin\Debug\RemoteManagementLibrary.clz...
07.03.17 10:30:16, Info: Saving project information...
07.03.17 10:36:52, Info: Validating assembly C:\Projects\Remote Management Example\RemoteManagementLibrary\RemoteManagementLibrary\bin\Debug\RemoteManagementLibrary.dll...
07.03.17 10:36:52, Info: Verifying assembly C:\Projects\Remote Management Example\RemoteManagementLibrary\RemoteManagementLibrary\bin\Debug\RemoteManagementLibrary.dll
07.03.17 10:36:52, Info: Creating Archive C:\Projects\Remote Management Example\RemoteManagementLibrary\RemoteManagementLibrary\bin\Debug\RemoteManagementLibrary.clz...
07.03.17 10:36:52, Info: Saving project information...
07.03.17 10:45:06, Info: Validating assembly C:\Projects\Remote Management Example\RemoteManagementLibrary\RemoteManagementLibrary\bin\Debug\RemoteManagementLibrary.dll...
07.03.17 10:45:06, Info: Verifying assembly C:\Projects\Remote Management Example\RemoteManagementLibrary\RemoteManagementLibrary\bin\Debug\RemoteManagementLibrary.dll
07.03.17 10:45:06, Info: Creating Archive C:\Projects\Remote Management Example\RemoteManagementLibrary\RemoteManagementLibrary\bin\Debug\RemoteManagementLibrary.clz...
07.03.17 10:45:06, Info: Saving project information...
07.03.17 10:52:24, Info: Validating assembly C:\Projects\Remote Management Example\RemoteManagementLibrary\RemoteManagementLibrary\bin\Debug\RemoteManagementLibrary.dll...
07.03.17 10:52:25, Info: Verifying assembly C:\Projects\Remote Management Example\RemoteManagementLibrary\RemoteManagementLibrary\bin\Debug\RemoteManagementLibrary.dll
07.03.17 10:52:25, Info: Creating Archive C:\Projects\Remote Management Example\RemoteManagementLibrary\RemoteManagementLibrary\bin\Debug\RemoteManagementLibrary.clz...
07.03.17 10:52:25, Info: Saving project information...
07.03.17 11:00:26, Info: Validating assembly C:\Projects\Remote Management Example\RemoteManagementLibrary\RemoteManagementLibrary\bin\Debug\RemoteManagementLibrary.dll...
07.03.17 11:00:26, Info: Verifying assembly C:\Projects\Remote Management Example\RemoteManagementLibrary\RemoteManagementLibrary\bin\Debug\RemoteManagementLibrary.dll
07.03.17 11:00:26, Info: Creating Archive C:\Projects\Remote Management Example\RemoteManagementLibrary\RemoteManagementLibrary\bin\Debug\RemoteManagementLibrary.clz...
07.03.17 11:00:26, Info: Saving project information...
07.03.17 11:21:39, Info: Validating assembly C:\Projects\Remote Management Example\RemoteManagementLibrary\RemoteManagementLibrary\bin\Debug\RemoteManagementLibrary.dll...
07.03.17 11:21:39, Info: Verifying assembly C:\Projects\Remote Management Example\RemoteManagementLibrary\RemoteManagementLibrary\bin\Debug\RemoteManagementLibrary.dll
07.03.17 11:21:39, Info: Creating Archive C:\Projects\Remote Management Example\RemoteManagementLibrary\RemoteManagementLibrary\bin\Debug\RemoteManagementLibrary.clz...
07.03.17 11:21:39, Info: Saving project information...
07.03.17 11:27:20, Info: Validating assembly C:\Projects\Remote Management Example\RemoteManagementLibrary\RemoteManagementLibrary\bin\Debug\RemoteManagementLibrary.dll...
07.03.17 11:27:20, Info: Verifying assembly C:\Projects\Remote Management Example\RemoteManagementLibrary\RemoteManagementLibrary\bin\Debug\RemoteManagementLibrary.dll
07.03.17 11:27:20, Info: Creating Archive C:\Projects\Remote Management Example\RemoteManagementLibrary\RemoteManagementLibrary\bin\Debug\RemoteManagementLibrary.clz...
07.03.17 11:27:20, Info: Saving project information...
07.03.17 11:35:50, Info: Validating assembly C:\Projects\Remote Management Example\RemoteManagementLibrary\RemoteManagementLibrary\bin\Debug\RemoteManagementLibrary.dll...
07.03.17 11:35:50, Info: Verifying assembly C:\Projects\Remote Management Example\RemoteManagementLibrary\RemoteManagementLibrary\bin\Debug\RemoteManagementLibrary.dll
07.03.17 11:35:50, Info: Creating Archive C:\Projects\Remote Management Example\RemoteManagementLibrary\RemoteManagementLibrary\bin\Debug\RemoteManagementLibrary.clz...
07.03.17 11:35:50, Info: Saving project information...
07.03.17 11:40:10, Info: Validating assembly C:\Projects\Remote Management Example\RemoteManagementLibrary\RemoteManagementLibrary\bin\Debug\RemoteManagementLibrary.dll...
07.03.17 11:40:10, Info: Verifying assembly C:\Projects\Remote Management Example\RemoteManagementLibrary\RemoteManagementLibrary\bin\Debug\RemoteManagementLibrary.dll
07.03.17 11:40:10, Info: Creating Archive C:\Projects\Remote Management Example\RemoteManagementLibrary\RemoteManagementLibrary\bin\Debug\RemoteManagementLibrary.clz...
07.03.17 11:40:11, Info: Saving project information...
07.03.17 11:40:35, Info: Validating assembly C:\Projects\Remote Management Example\RemoteManagementLibrary\RemoteManagementLibrary\bin\Debug\RemoteManagementLibrary.dll...
07.03.17 11:40:35, Info: Verifying assembly C:\Projects\Remote Management Example\RemoteManagementLibrary\RemoteManagementLibrary\bin\Debug\RemoteManagementLibrary.dll
07.03.17 11:40:35, Info: Creating Archive C:\Projects\Remote Management Example\RemoteManagementLibrary\RemoteManagementLibrary\bin\Debug\RemoteManagementLibrary.clz...
07.03.17 11:40:35, Info: Saving project information...
07.03.17 11:44:34, Info: Validating assembly C:\Projects\Remote Management Example\RemoteManagementLibrary\RemoteManagementLibrary\bin\Debug\RemoteManagementLibrary.dll...
07.03.17 11:44:34, Info: Verifying assembly C:\Projects\Remote Management Example\RemoteManagementLibrary\RemoteManagementLibrary\bin\Debug\RemoteManagementLibrary.dll
07.03.17 11:44:34, Info: Creating Archive C:\Projects\Remote Management Example\RemoteManagementLibrary\RemoteManagementLibrary\bin\Debug\RemoteManagementLibrary.clz...
07.03.17 11:44:34, Info: Saving project information...
07.03.17 11:45:03, Info: Validating assembly C:\Projects\Remote Management Example\RemoteManagementLibrary\RemoteManagementLibrary\bin\Debug\RemoteManagementLibrary.dll...
07.03.17 11:45:03, Info: Verifying assembly C:\Projects\Remote Management Example\RemoteManagementLibrary\RemoteManagementLibrary\bin\Debug\RemoteManagementLibrary.dll
07.03.17 11:45:03, Info: Creating Archive C:\Projects\Remote Management Example\RemoteManagementLibrary\RemoteManagementLibrary\bin\Debug\RemoteManagementLibrary.clz...
07.03.17 11:45:03, Info: Saving project information...
07.03.17 11:48:21, Info: Validating assembly C:\Projects\Remote Management Example\RemoteManagementLibrary\RemoteManagementLibrary\bin\Debug\RemoteManagementLibrary.dll...
07.03.17 11:48:21, Info: Verifying assembly C:\Projects\Remote Management Example\RemoteManagementLibrary\RemoteManagementLibrary\bin\Debug\RemoteManagementLibrary.dll
07.03.17 11:48:21, Info: Creating Archive C:\Projects\Remote Management Example\RemoteManagementLibrary\RemoteManagementLibrary\bin\Debug\RemoteManagementLibrary.clz...
07.03.17 11:48:22, Info: Saving project information...
07.03.17 11:51:52, Info: Validating assembly C:\Projects\Remote Management Example\RemoteManagementLibrary\RemoteManagementLibrary\bin\Debug\RemoteManagementLibrary.dll...
07.03.17 11:51:52, Info: Verifying assembly C:\Projects\Remote Management Example\RemoteManagementLibrary\RemoteManagementLibrary\bin\Debug\RemoteManagementLibrary.dll
07.03.17 11:51:52, Info: Creating Archive C:\Projects\Remote Management Example\RemoteManagementLibrary\RemoteManagementLibrary\bin\Debug\RemoteManagementLibrary.clz...
07.03.17 11:51:53, Info: Saving project information...
07.03.17 11:55:10, Info: Validating assembly C:\Projects\Remote Management Example\RemoteManagementLibrary\RemoteManagementLibrary\bin\Debug\RemoteManagementLibrary.dll...
07.03.17 11:55:10, Info: Verifying assembly C:\Projects\Remote Management Example\RemoteManagementLibrary\RemoteManagementLibrary\bin\Debug\RemoteManagementLibrary.dll
07.03.17 11:55:10, Info: Creating Archive C:\Projects\Remote Management Example\RemoteManagementLibrary\RemoteManagementLibrary\bin\Debug\RemoteManagementLibrary.clz...
07.03.17 11:55:10, Info: Saving project information...
07.03.17 11:57:23, Info: Validating assembly C:\Projects\Remote Management Example\RemoteManagementLibrary\RemoteManagementLibrary\bin\Debug\RemoteManagementLibrary.dll...
07.03.17 11:57:23, Info: Verifying assembly C:\Projects\Remote Management Example\RemoteManagementLibrary\RemoteManagementLibrary\bin\Debug\RemoteManagementLibrary.dll
07.03.17 11:57:23, Info: Creating Archive C:\Projects\Remote Management Example\RemoteManagementLibrary\RemoteManagementLibrary\bin\Debug\RemoteManagementLibrary.clz...
07.03.17 11:57:24, Info: Saving project information...
07.03.17 11:59:35, Info: Validating assembly C:\Projects\Remote Management Example\RemoteManagementLibrary\RemoteManagementLibrary\bin\Debug\RemoteManagementLibrary.dll...
07.03.17 11:59:35, Info: Verifying assembly C:\Projects\Remote Management Example\RemoteManagementLibrary\RemoteManagementLibrary\bin\Debug\RemoteManagementLibrary.dll
07.03.17 11:59:35, Info: Creating Archive C:\Projects\Remote Management Example\RemoteManagementLibrary\RemoteManagementLibrary\bin\Debug\RemoteManagementLibrary.clz...
07.03.17 11:59:35, Info: Saving project information...
07.03.17 12:06:59, Info: Validating assembly C:\Projects\Remote Management Example\RemoteManagementLibrary\RemoteManagementLibrary\bin\Debug\RemoteManagementLibrary.dll...
07.03.17 12:06:59, Info: Verifying assembly C:\Projects\Remote Management Example\RemoteManagementLibrary\RemoteManagementLibrary\bin\Debug\RemoteManagementLibrary.dll
07.03.17 12:06:59, Info: Creating Archive C:\Projects\Remote Management Example\RemoteManagementLibrary\RemoteManagementLibrary\bin\Debug\RemoteManagementLibrary.clz...
07.03.17 12:07:00, Info: Saving project information...
07.03.17 12:16:15, Info: Validating assembly C:\Projects\Remote Management Example\RemoteManagementLibrary\RemoteManagementLibrary\bin\Debug\RemoteManagementLibrary.dll...
07.03.17 12:16:15, Info: Verifying assembly C:\Projects\Remote Management Example\RemoteManagementLibrary\RemoteManagementLibrary\bin\Debug\RemoteManagementLibrary.dll
07.03.17 12:16:15, Info: Creating Archive C:\Projects\Remote Management Example\RemoteManagementLibrary\RemoteManagementLibrary\bin\Debug\RemoteManagementLibrary.clz...
07.03.17 12:16:15, Info: Saving project information...
07.03.17 12:20:15, Info: Validating assembly C:\Projects\Remote Management Example\RemoteManagementLibrary\RemoteManagementLibrary\bin\Debug\RemoteManagementLibrary.dll...
07.03.17 12:20:15, Info: Verifying assembly C:\Projects\Remote Management Example\RemoteManagementLibrary\RemoteManagementLibrary\bin\Debug\RemoteManagementLibrary.dll
07.03.17 12:20:15, Info: Creating Archive C:\Projects\Remote Management Example\RemoteManagementLibrary\RemoteManagementLibrary\bin\Debug\RemoteManagementLibrary.clz...
07.03.17 12:20:16, Info: Saving project information...
07.03.17 12:23:53, Info: Validating assembly C:\Projects\Remote Management Example\RemoteManagementLibrary\RemoteManagementLibrary\bin\Debug\RemoteManagementLibrary.dll...
07.03.17 12:23:53, Info: Verifying assembly C:\Projects\Remote Management Example\RemoteManagementLibrary\RemoteManagementLibrary\bin\Debug\RemoteManagementLibrary.dll
07.03.17 12:23:53, Info: Creating Archive C:\Projects\Remote Management Example\RemoteManagementLibrary\RemoteManagementLibrary\bin\Debug\RemoteManagementLibrary.clz...
07.03.17 12:23:54, Info: Saving project information...
07.03.17 12:26:22, Info: Validating assembly C:\Projects\Remote Management Example\RemoteManagementLibrary\RemoteManagementLibrary\bin\Debug\RemoteManagementLibrary.dll...
07.03.17 12:26:22, Info: Verifying assembly C:\Projects\Remote Management Example\RemoteManagementLibrary\RemoteManagementLibrary\bin\Debug\RemoteManagementLibrary.dll
07.03.17 12:26:22, Info: Creating Archive C:\Projects\Remote Management Example\RemoteManagementLibrary\RemoteManagementLibrary\bin\Debug\RemoteManagementLibrary.clz...
07.03.17 12:26:22, Info: Saving project information...
07.03.17 12:35:09, Info: Validating assembly C:\Projects\Remote Management Example\RemoteManagementLibrary\RemoteManagementLibrary\bin\Debug\RemoteManagementLibrary.dll...
07.03.17 12:35:09, Info: Verifying assembly C:\Projects\Remote Management Example\RemoteManagementLibrary\RemoteManagementLibrary\bin\Debug\RemoteManagementLibrary.dll
07.03.17 12:35:09, Info: Creating Archive C:\Projects\Remote Management Example\RemoteManagementLibrary\RemoteManagementLibrary\bin\Debug\RemoteManagementLibrary.clz...
07.03.17 12:35:09, Info: Saving project information...
07.03.17 12:38:24, Info: Validating assembly C:\Projects\Remote Management Example\RemoteManagementLibrary\RemoteManagementLibrary\bin\Debug\RemoteManagementLibrary.dll...
07.03.17 12:38:24, Info: Verifying assembly C:\Projects\Remote Management Example\RemoteManagementLibrary\RemoteManagementLibrary\bin\Debug\RemoteManagementLibrary.dll
07.03.17 12:38:24, Info: Creating Archive C:\Projects\Remote Management Example\RemoteManagementLibrary\RemoteManagementLibrary\bin\Debug\RemoteManagementLibrary.clz...
07.03.17 12:38:24, Info: Saving project information...
07.03.17 12:40:57, Info: Validating assembly C:\Projects\Remote Management Example\RemoteManagementLibrary\RemoteManagementLibrary\bin\Debug\RemoteManagementLibrary.dll...
07.03.17 12:40:57, Info: Verifying assembly C:\Projects\Remote Management Example\RemoteManagementLibrary\RemoteManagementLibrary\bin\Debug\RemoteManagementLibrary.dll
07.03.17 12:40:57, Info: Creating Archive C:\Projects\Remote Management Example\RemoteManagementLibrary\RemoteManagementLibrary\bin\Debug\RemoteManagementLibrary.clz...
07.03.17 12:40:57, Info: Saving project information...
07.03.17 12:44:18, Info: Validating assembly C:\Projects\Remote Management Example\RemoteManagementLibrary\RemoteManagementLibrary\bin\Debug\RemoteManagementLibrary.dll...
07.03.17 12:44:18, Info: Verifying assembly C:\Projects\Remote Management Example\RemoteManagementLibrary\RemoteManagementLibrary\bin\Debug\RemoteManagementLibrary.dll
07.03.17 12:44:18, Info: Creating Archive C:\Projects\Remote Management Example\RemoteManagementLibrary\RemoteManagementLibrary\bin\Debug\RemoteManagementLibrary.clz...
